{"/Users/msarroca/bootcamp/collab/skylab-bootcamp-201901/staff/marc-sarroca/insta-food/insta-food-api/src/logic/index.spec.js":{"path":"/Users/msarroca/bootcamp/collab/skylab-bootcamp-201901/staff/marc-sarroca/insta-food/insta-food-api/src/logic/index.spec.js","statementMap":{"0":{"start":{"line":1,"column":0},"end":{"line":1,"column":27}},"1":{"start":{"line":2,"column":20},"end":{"line":2,"column":46}},"2":{"start":{"line":7,"column":4},"end":{"line":7,"column":30}},"3":{"start":{"line":8,"column":15},"end":{"line":8,"column":32}},"4":{"start":{"line":9,"column":14},"end":{"line":9,"column":26}},"5":{"start":{"line":10,"column":15},"end":{"line":10,"column":32}},"6":{"start":{"line":14,"column":4},"end":{"line":14,"column":11}},"7":{"start":{"line":16,"column":0},"end":{"line":1808,"column":3}},"8":{"start":{"line":17,"column":2},"end":{"line":17,"column":73}},"9":{"start":{"line":17,"column":15},"end":{"line":17,"column":71}},"10":{"start":{"line":19,"column":2},"end":{"line":21,"column":4}},"11":{"start":{"line":20,"column":4},"end":{"line":20,"column":77}},"12":{"start":{"line":23,"column":2},"end":{"line":536,"column":5}},"13":{"start":{"line":24,"column":17},"end":{"line":24,"column":24}},"14":{"start":{"line":25,"column":21},"end":{"line":25,"column":57}},"15":{"start":{"line":26,"column":18},"end":{"line":26,"column":54}},"16":{"start":{"line":27,"column":21},"end":{"line":27,"column":43}},"17":{"start":{"line":28,"column":28},"end":{"line":28,"column":36}},"18":{"start":{"line":30,"column":4},"end":{"line":45,"column":7}},"19":{"start":{"line":31,"column":17},"end":{"line":37,"column":7}},"20":{"start":{"line":38,"column":19},"end":{"line":38,"column":48}},"21":{"start":{"line":39,"column":6},"end":{"line":39,"column":35}},"22":{"start":{"line":40,"column":6},"end":{"line":40,"column":43}},"23":{"start":{"line":41,"column":6},"end":{"line":41,"column":37}},"24":{"start":{"line":42,"column":20},"end":{"line":42,"column":65}},"25":{"start":{"line":44,"column":6},"end":{"line":44,"column":33}},"26":{"start":{"line":47,"column":4},"end":{"line":56,"column":7}},"27":{"start":{"line":48,"column":19},"end":{"line":48,"column":28}},"28":{"start":{"line":49,"column":23},"end":{"line":49,"column":59}},"29":{"start":{"line":50,"column":20},"end":{"line":50,"column":39}},"30":{"start":{"line":51,"column":23},"end":{"line":51,"column":45}},"31":{"start":{"line":53,"column":6},"end":{"line":55,"column":55}},"32":{"start":{"line":54,"column":8},"end":{"line":54,"column":70}},"33":{"start":{"line":58,"column":4},"end":{"line":67,"column":7}},"34":{"start":{"line":59,"column":19},"end":{"line":59,"column":21}},"35":{"start":{"line":60,"column":23},"end":{"line":60,"column":59}},"36":{"start":{"line":61,"column":20},"end":{"line":61,"column":39}},"37":{"start":{"line":62,"column":23},"end":{"line":62,"column":45}},"38":{"start":{"line":64,"column":6},"end":{"line":66,"column":55}},"39":{"start":{"line":65,"column":8},"end":{"line":65,"column":70}},"40":{"start":{"line":69,"column":4},"end":{"line":78,"column":7}},"41":{"start":{"line":70,"column":19},"end":{"line":70,"column":23}},"42":{"start":{"line":71,"column":23},"end":{"line":71,"column":59}},"43":{"start":{"line":72,"column":20},"end":{"line":72,"column":39}},"44":{"start":{"line":73,"column":23},"end":{"line":73,"column":45}},"45":{"start":{"line":75,"column":6},"end":{"line":77,"column":55}},"46":{"start":{"line":76,"column":8},"end":{"line":76,"column":70}},"47":{"start":{"line":80,"column":4},"end":{"line":89,"column":7}},"48":{"start":{"line":81,"column":19},"end":{"line":81,"column":21}},"49":{"start":{"line":82,"column":23},"end":{"line":82,"column":59}},"50":{"start":{"line":83,"column":20},"end":{"line":83,"column":39}},"51":{"start":{"line":84,"column":23},"end":{"line":84,"column":45}},"52":{"start":{"line":86,"column":6},"end":{"line":88,"column":55}},"53":{"start":{"line":87,"column":8},"end":{"line":87,"column":70}},"54":{"start":{"line":91,"column":4},"end":{"line":100,"column":7}},"55":{"start":{"line":92,"column":19},"end":{"line":92,"column":21}},"56":{"start":{"line":93,"column":23},"end":{"line":93,"column":59}},"57":{"start":{"line":94,"column":20},"end":{"line":94,"column":39}},"58":{"start":{"line":95,"column":23},"end":{"line":95,"column":45}},"59":{"start":{"line":97,"column":6},"end":{"line":99,"column":55}},"60":{"start":{"line":98,"column":8},"end":{"line":98,"column":70}},"61":{"start":{"line":102,"column":4},"end":{"line":111,"column":7}},"62":{"start":{"line":103,"column":19},"end":{"line":103,"column":21}},"63":{"start":{"line":104,"column":23},"end":{"line":104,"column":28}},"64":{"start":{"line":105,"column":20},"end":{"line":105,"column":39}},"65":{"start":{"line":106,"column":23},"end":{"line":106,"column":45}},"66":{"start":{"line":108,"column":6},"end":{"line":110,"column":48}},"67":{"start":{"line":109,"column":8},"end":{"line":109,"column":70}},"68":{"start":{"line":113,"column":4},"end":{"line":122,"column":7}},"69":{"start":{"line":114,"column":19},"end":{"line":114,"column":26}},"70":{"start":{"line":115,"column":23},"end":{"line":115,"column":32}},"71":{"start":{"line":116,"column":20},"end":{"line":116,"column":56}},"72":{"start":{"line":117,"column":23},"end":{"line":117,"column":45}},"73":{"start":{"line":119,"column":6},"end":{"line":121,"column":59}},"74":{"start":{"line":120,"column":8},"end":{"line":120,"column":70}},"75":{"start":{"line":124,"column":4},"end":{"line":133,"column":7}},"76":{"start":{"line":125,"column":19},"end":{"line":125,"column":26}},"77":{"start":{"line":126,"column":23},"end":{"line":126,"column":25}},"78":{"start":{"line":127,"column":20},"end":{"line":127,"column":39}},"79":{"start":{"line":128,"column":23},"end":{"line":128,"column":45}},"80":{"start":{"line":130,"column":6},"end":{"line":132,"column":59}},"81":{"start":{"line":131,"column":8},"end":{"line":131,"column":70}},"82":{"start":{"line":135,"column":4},"end":{"line":144,"column":7}},"83":{"start":{"line":136,"column":19},"end":{"line":136,"column":26}},"84":{"start":{"line":137,"column":23},"end":{"line":137,"column":28}},"85":{"start":{"line":138,"column":20},"end":{"line":138,"column":39}},"86":{"start":{"line":139,"column":23},"end":{"line":139,"column":45}},"87":{"start":{"line":141,"column":6},"end":{"line":143,"column":59}},"88":{"start":{"line":142,"column":8},"end":{"line":142,"column":70}},"89":{"start":{"line":146,"column":4},"end":{"line":155,"column":7}},"90":{"start":{"line":147,"column":19},"end":{"line":147,"column":26}},"91":{"start":{"line":148,"column":23},"end":{"line":148,"column":25}},"92":{"start":{"line":149,"column":20},"end":{"line":149,"column":39}},"93":{"start":{"line":150,"column":23},"end":{"line":150,"column":45}},"94":{"start":{"line":152,"column":6},"end":{"line":154,"column":59}},"95":{"start":{"line":153,"column":8},"end":{"line":153,"column":70}},"96":{"start":{"line":157,"column":4},"end":{"line":166,"column":7}},"97":{"start":{"line":158,"column":19},"end":{"line":158,"column":26}},"98":{"start":{"line":159,"column":23},"end":{"line":159,"column":25}},"99":{"start":{"line":160,"column":20},"end":{"line":160,"column":39}},"100":{"start":{"line":161,"column":23},"end":{"line":161,"column":45}},"101":{"start":{"line":163,"column":6},"end":{"line":165,"column":59}},"102":{"start":{"line":164,"column":8},"end":{"line":164,"column":70}},"103":{"start":{"line":168,"column":4},"end":{"line":177,"column":7}},"104":{"start":{"line":169,"column":19},"end":{"line":169,"column":26}},"105":{"start":{"line":170,"column":23},"end":{"line":170,"column":25}},"106":{"start":{"line":171,"column":20},"end":{"line":171,"column":39}},"107":{"start":{"line":172,"column":23},"end":{"line":172,"column":45}},"108":{"start":{"line":174,"column":6},"end":{"line":176,"column":52}},"109":{"start":{"line":175,"column":8},"end":{"line":175,"column":70}},"110":{"start":{"line":179,"column":4},"end":{"line":188,"column":7}},"111":{"start":{"line":180,"column":19},"end":{"line":180,"column":26}},"112":{"start":{"line":181,"column":23},"end":{"line":181,"column":30}},"113":{"start":{"line":182,"column":20},"end":{"line":182,"column":29}},"114":{"start":{"line":183,"column":23},"end":{"line":183,"column":45}},"115":{"start":{"line":185,"column":6},"end":{"line":187,"column":56}},"116":{"start":{"line":186,"column":8},"end":{"line":186,"column":70}},"117":{"start":{"line":190,"column":4},"end":{"line":199,"column":7}},"118":{"start":{"line":191,"column":19},"end":{"line":191,"column":26}},"119":{"start":{"line":192,"column":23},"end":{"line":192,"column":32}},"120":{"start":{"line":193,"column":20},"end":{"line":193,"column":21}},"121":{"start":{"line":194,"column":23},"end":{"line":194,"column":45}},"122":{"start":{"line":196,"column":6},"end":{"line":198,"column":56}},"123":{"start":{"line":197,"column":8},"end":{"line":197,"column":70}},"124":{"start":{"line":201,"column":4},"end":{"line":210,"column":7}},"125":{"start":{"line":202,"column":19},"end":{"line":202,"column":26}},"126":{"start":{"line":203,"column":23},"end":{"line":203,"column":30}},"127":{"start":{"line":204,"column":20},"end":{"line":204,"column":25}},"128":{"start":{"line":205,"column":23},"end":{"line":205,"column":45}},"129":{"start":{"line":207,"column":6},"end":{"line":209,"column":56}},"130":{"start":{"line":208,"column":8},"end":{"line":208,"column":70}},"131":{"start":{"line":212,"column":4},"end":{"line":221,"column":7}},"132":{"start":{"line":213,"column":19},"end":{"line":213,"column":26}},"133":{"start":{"line":214,"column":23},"end":{"line":214,"column":31}},"134":{"start":{"line":215,"column":20},"end":{"line":215,"column":22}},"135":{"start":{"line":216,"column":23},"end":{"line":216,"column":45}},"136":{"start":{"line":218,"column":6},"end":{"line":220,"column":56}},"137":{"start":{"line":219,"column":8},"end":{"line":219,"column":70}},"138":{"start":{"line":223,"column":4},"end":{"line":232,"column":7}},"139":{"start":{"line":224,"column":19},"end":{"line":224,"column":26}},"140":{"start":{"line":225,"column":23},"end":{"line":225,"column":31}},"141":{"start":{"line":226,"column":20},"end":{"line":226,"column":22}},"142":{"start":{"line":227,"column":23},"end":{"line":227,"column":45}},"143":{"start":{"line":229,"column":6},"end":{"line":231,"column":56}},"144":{"start":{"line":230,"column":8},"end":{"line":230,"column":70}},"145":{"start":{"line":234,"column":4},"end":{"line":243,"column":7}},"146":{"start":{"line":235,"column":19},"end":{"line":235,"column":26}},"147":{"start":{"line":236,"column":23},"end":{"line":236,"column":31}},"148":{"start":{"line":237,"column":20},"end":{"line":237,"column":22}},"149":{"start":{"line":238,"column":23},"end":{"line":238,"column":45}},"150":{"start":{"line":240,"column":6},"end":{"line":242,"column":49}},"151":{"start":{"line":241,"column":8},"end":{"line":241,"column":70}},"152":{"start":{"line":245,"column":4},"end":{"line":260,"column":7}},"153":{"start":{"line":246,"column":19},"end":{"line":246,"column":26}},"154":{"start":{"line":247,"column":23},"end":{"line":247,"column":30}},"155":{"start":{"line":248,"column":20},"end":{"line":248,"column":36}},"156":{"start":{"line":249,"column":35},"end":{"line":249,"column":44}},"157":{"start":{"line":251,"column":6},"end":{"line":259,"column":71}},"158":{"start":{"line":252,"column":8},"end":{"line":258,"column":10}},"159":{"start":{"line":262,"column":4},"end":{"line":277,"column":7}},"160":{"start":{"line":263,"column":19},"end":{"line":263,"column":26}},"161":{"start":{"line":264,"column":23},"end":{"line":264,"column":32}},"162":{"start":{"line":265,"column":20},"end":{"line":265,"column":36}},"163":{"start":{"line":266,"column":35},"end":{"line":266,"column":36}},"164":{"start":{"line":268,"column":6},"end":{"line":276,"column":71}},"165":{"start":{"line":269,"column":8},"end":{"line":275,"column":10}},"166":{"start":{"line":279,"column":4},"end":{"line":294,"column":7}},"167":{"start":{"line":280,"column":19},"end":{"line":280,"column":26}},"168":{"start":{"line":281,"column":23},"end":{"line":281,"column":30}},"169":{"start":{"line":282,"column":20},"end":{"line":282,"column":36}},"170":{"start":{"line":283,"column":35},"end":{"line":283,"column":39}},"171":{"start":{"line":285,"column":6},"end":{"line":293,"column":71}},"172":{"start":{"line":286,"column":8},"end":{"line":292,"column":10}},"173":{"start":{"line":296,"column":4},"end":{"line":311,"column":7}},"174":{"start":{"line":297,"column":19},"end":{"line":297,"column":26}},"175":{"start":{"line":298,"column":23},"end":{"line":298,"column":31}},"176":{"start":{"line":299,"column":20},"end":{"line":299,"column":36}},"177":{"start":{"line":300,"column":35},"end":{"line":300,"column":37}},"178":{"start":{"line":302,"column":6},"end":{"line":310,"column":71}},"179":{"start":{"line":303,"column":8},"end":{"line":309,"column":10}},"180":{"start":{"line":313,"column":4},"end":{"line":328,"column":7}},"181":{"start":{"line":314,"column":19},"end":{"line":314,"column":26}},"182":{"start":{"line":315,"column":23},"end":{"line":315,"column":31}},"183":{"start":{"line":316,"column":20},"end":{"line":316,"column":36}},"184":{"start":{"line":317,"column":35},"end":{"line":317,"column":37}},"185":{"start":{"line":319,"column":6},"end":{"line":327,"column":71}},"186":{"start":{"line":320,"column":8},"end":{"line":326,"column":10}},"187":{"start":{"line":330,"column":4},"end":{"line":345,"column":7}},"188":{"start":{"line":331,"column":19},"end":{"line":331,"column":26}},"189":{"start":{"line":332,"column":23},"end":{"line":332,"column":31}},"190":{"start":{"line":333,"column":20},"end":{"line":333,"column":36}},"191":{"start":{"line":334,"column":35},"end":{"line":334,"column":37}},"192":{"start":{"line":336,"column":6},"end":{"line":344,"column":65}},"193":{"start":{"line":337,"column":8},"end":{"line":343,"column":10}},"194":{"start":{"line":347,"column":4},"end":{"line":362,"column":7}},"195":{"start":{"line":348,"column":19},"end":{"line":348,"column":26}},"196":{"start":{"line":349,"column":23},"end":{"line":349,"column":30}},"197":{"start":{"line":350,"column":20},"end":{"line":350,"column":36}},"198":{"start":{"line":351,"column":35},"end":{"line":351,"column":44}},"199":{"start":{"line":353,"column":6},"end":{"line":361,"column":71}},"200":{"start":{"line":354,"column":8},"end":{"line":360,"column":10}},"201":{"start":{"line":364,"column":4},"end":{"line":379,"column":7}},"202":{"start":{"line":365,"column":19},"end":{"line":365,"column":26}},"203":{"start":{"line":366,"column":23},"end":{"line":366,"column":32}},"204":{"start":{"line":367,"column":20},"end":{"line":367,"column":36}},"205":{"start":{"line":368,"column":35},"end":{"line":368,"column":36}},"206":{"start":{"line":370,"column":6},"end":{"line":378,"column":71}},"207":{"start":{"line":371,"column":8},"end":{"line":377,"column":10}},"208":{"start":{"line":381,"column":4},"end":{"line":396,"column":7}},"209":{"start":{"line":382,"column":19},"end":{"line":382,"column":26}},"210":{"start":{"line":383,"column":23},"end":{"line":383,"column":30}},"211":{"start":{"line":384,"column":20},"end":{"line":384,"column":36}},"212":{"start":{"line":385,"column":35},"end":{"line":385,"column":39}},"213":{"start":{"line":387,"column":6},"end":{"line":395,"column":71}},"214":{"start":{"line":388,"column":8},"end":{"line":394,"column":10}},"215":{"start":{"line":398,"column":4},"end":{"line":413,"column":7}},"216":{"start":{"line":399,"column":19},"end":{"line":399,"column":26}},"217":{"start":{"line":400,"column":23},"end":{"line":400,"column":31}},"218":{"start":{"line":401,"column":20},"end":{"line":401,"column":36}},"219":{"start":{"line":402,"column":35},"end":{"line":402,"column":37}},"220":{"start":{"line":404,"column":6},"end":{"line":412,"column":71}},"221":{"start":{"line":405,"column":8},"end":{"line":411,"column":10}},"222":{"start":{"line":415,"column":4},"end":{"line":431,"column":7}},"223":{"start":{"line":416,"column":19},"end":{"line":416,"column":26}},"224":{"start":{"line":417,"column":23},"end":{"line":417,"column":31}},"225":{"start":{"line":418,"column":20},"end":{"line":418,"column":36}},"226":{"start":{"line":419,"column":23},"end":{"line":419,"column":25}},"227":{"start":{"line":420,"column":35},"end":{"line":420,"column":43}},"228":{"start":{"line":422,"column":6},"end":{"line":430,"column":71}},"229":{"start":{"line":423,"column":8},"end":{"line":429,"column":10}},"230":{"start":{"line":433,"column":4},"end":{"line":449,"column":7}},"231":{"start":{"line":434,"column":19},"end":{"line":434,"column":26}},"232":{"start":{"line":435,"column":23},"end":{"line":435,"column":31}},"233":{"start":{"line":436,"column":20},"end":{"line":436,"column":36}},"234":{"start":{"line":437,"column":23},"end":{"line":437,"column":25}},"235":{"start":{"line":438,"column":35},"end":{"line":438,"column":43}},"236":{"start":{"line":440,"column":6},"end":{"line":448,"column":52}},"237":{"start":{"line":441,"column":8},"end":{"line":447,"column":10}},"238":{"start":{"line":451,"column":4},"end":{"line":467,"column":7}},"239":{"start":{"line":452,"column":19},"end":{"line":452,"column":26}},"240":{"start":{"line":453,"column":23},"end":{"line":453,"column":31}},"241":{"start":{"line":454,"column":20},"end":{"line":454,"column":36}},"242":{"start":{"line":455,"column":23},"end":{"line":455,"column":31}},"243":{"start":{"line":456,"column":35},"end":{"line":456,"column":38}},"244":{"start":{"line":458,"column":6},"end":{"line":466,"column":50}},"245":{"start":{"line":459,"column":8},"end":{"line":465,"column":10}},"246":{"start":{"line":469,"column":4},"end":{"line":503,"column":7}},"247":{"start":{"line":470,"column":19},"end":{"line":470,"column":26}},"248":{"start":{"line":471,"column":23},"end":{"line":471,"column":33}},"249":{"start":{"line":472,"column":20},"end":{"line":472,"column":56}},"250":{"start":{"line":473,"column":23},"end":{"line":473,"column":45}},"251":{"start":{"line":474,"column":30},"end":{"line":474,"column":38}},"252":{"start":{"line":476,"column":17},"end":{"line":482,"column":7}},"253":{"start":{"line":484,"column":21},"end":{"line":484,"column":54}},"254":{"start":{"line":488,"column":6},"end":{"line":498,"column":7}},"255":{"start":{"line":489,"column":18},"end":{"line":495,"column":9}},"256":{"start":{"line":497,"column":8},"end":{"line":497,"column":37}},"257":{"start":{"line":500,"column":6},"end":{"line":502,"column":8}},"258":{"start":{"line":505,"column":4},"end":{"line":535,"column":7}},"259":{"start":{"line":506,"column":19},"end":{"line":506,"column":26}},"260":{"start":{"line":507,"column":23},"end":{"line":507,"column":59}},"261":{"start":{"line":508,"column":20},"end":{"line":508,"column":39}},"262":{"start":{"line":509,"column":23},"end":{"line":509,"column":45}},"263":{"start":{"line":510,"column":30},"end":{"line":510,"column":38}},"264":{"start":{"line":512,"column":17},"end":{"line":518,"column":7}},"265":{"start":{"line":522,"column":6},"end":{"line":532,"column":7}},"266":{"start":{"line":523,"column":18},"end":{"line":529,"column":9}},"267":{"start":{"line":531,"column":8},"end":{"line":531,"column":37}},"268":{"start":{"line":534,"column":6},"end":{"line":534,"column":80}},"269":{"start":{"line":538,"column":2},"end":{"line":681,"column":5}},"270":{"start":{"line":539,"column":17},"end":{"line":539,"column":24}},"271":{"start":{"line":541,"column":21},"end":{"line":541,"column":43}},"272":{"start":{"line":543,"column":4},"end":{"line":554,"column":7}},"273":{"start":{"line":544,"column":6},"end":{"line":544,"column":28}},"274":{"start":{"line":545,"column":6},"end":{"line":545,"column":37}},"275":{"start":{"line":546,"column":6},"end":{"line":553,"column":8}},"276":{"start":{"line":547,"column":8},"end":{"line":552,"column":10}},"277":{"start":{"line":556,"column":4},"end":{"line":559,"column":47}},"278":{"start":{"line":557,"column":6},"end":{"line":559,"column":45}},"279":{"start":{"line":559,"column":20},"end":{"line":559,"column":44}},"280":{"start":{"line":561,"column":4},"end":{"line":572,"column":7}},"281":{"start":{"line":563,"column":20},"end":{"line":563,"column":36}},"282":{"start":{"line":565,"column":6},"end":{"line":569,"column":7}},"283":{"start":{"line":566,"column":21},"end":{"line":566,"column":66}},"284":{"start":{"line":568,"column":8},"end":{"line":568,"column":29}},"285":{"start":{"line":571,"column":6},"end":{"line":571,"column":78}},"286":{"start":{"line":574,"column":4},"end":{"line":585,"column":7}},"287":{"start":{"line":576,"column":23},"end":{"line":576,"column":39}},"288":{"start":{"line":578,"column":6},"end":{"line":582,"column":7}},"289":{"start":{"line":579,"column":21},"end":{"line":579,"column":66}},"290":{"start":{"line":581,"column":8},"end":{"line":581,"column":29}},"291":{"start":{"line":584,"column":6},"end":{"line":584,"column":61}},"292":{"start":{"line":587,"column":4},"end":{"line":593,"column":7}},"293":{"start":{"line":588,"column":20},"end":{"line":588,"column":29}},"294":{"start":{"line":590,"column":6},"end":{"line":592,"column":56}},"295":{"start":{"line":591,"column":8},"end":{"line":591,"column":48}},"296":{"start":{"line":595,"column":4},"end":{"line":601,"column":7}},"297":{"start":{"line":596,"column":20},"end":{"line":596,"column":22}},"298":{"start":{"line":598,"column":6},"end":{"line":600,"column":56}},"299":{"start":{"line":599,"column":8},"end":{"line":599,"column":48}},"300":{"start":{"line":603,"column":4},"end":{"line":609,"column":7}},"301":{"start":{"line":604,"column":20},"end":{"line":604,"column":25}},"302":{"start":{"line":606,"column":6},"end":{"line":608,"column":56}},"303":{"start":{"line":607,"column":8},"end":{"line":607,"column":48}},"304":{"start":{"line":611,"column":4},"end":{"line":617,"column":7}},"305":{"start":{"line":612,"column":20},"end":{"line":612,"column":22}},"306":{"start":{"line":614,"column":6},"end":{"line":616,"column":56}},"307":{"start":{"line":615,"column":8},"end":{"line":615,"column":48}},"308":{"start":{"line":619,"column":4},"end":{"line":625,"column":7}},"309":{"start":{"line":620,"column":20},"end":{"line":620,"column":22}},"310":{"start":{"line":622,"column":6},"end":{"line":624,"column":56}},"311":{"start":{"line":623,"column":8},"end":{"line":623,"column":48}},"312":{"start":{"line":627,"column":4},"end":{"line":633,"column":7}},"313":{"start":{"line":628,"column":23},"end":{"line":628,"column":25}},"314":{"start":{"line":630,"column":6},"end":{"line":632,"column":52}},"315":{"start":{"line":631,"column":8},"end":{"line":631,"column":48}},"316":{"start":{"line":635,"column":4},"end":{"line":641,"column":7}},"317":{"start":{"line":636,"column":23},"end":{"line":636,"column":32}},"318":{"start":{"line":638,"column":6},"end":{"line":640,"column":59}},"319":{"start":{"line":639,"column":8},"end":{"line":639,"column":48}},"320":{"start":{"line":643,"column":4},"end":{"line":649,"column":7}},"321":{"start":{"line":644,"column":23},"end":{"line":644,"column":25}},"322":{"start":{"line":646,"column":6},"end":{"line":648,"column":59}},"323":{"start":{"line":647,"column":8},"end":{"line":647,"column":48}},"324":{"start":{"line":651,"column":4},"end":{"line":657,"column":7}},"325":{"start":{"line":652,"column":23},"end":{"line":652,"column":28}},"326":{"start":{"line":654,"column":6},"end":{"line":656,"column":59}},"327":{"start":{"line":655,"column":8},"end":{"line":655,"column":48}},"328":{"start":{"line":659,"column":4},"end":{"line":665,"column":7}},"329":{"start":{"line":660,"column":23},"end":{"line":660,"column":25}},"330":{"start":{"line":662,"column":6},"end":{"line":664,"column":59}},"331":{"start":{"line":663,"column":8},"end":{"line":663,"column":48}},"332":{"start":{"line":667,"column":4},"end":{"line":673,"column":7}},"333":{"start":{"line":668,"column":23},"end":{"line":668,"column":25}},"334":{"start":{"line":670,"column":6},"end":{"line":672,"column":59}},"335":{"start":{"line":671,"column":8},"end":{"line":671,"column":48}},"336":{"start":{"line":674,"column":4},"end":{"line":680,"column":7}},"337":{"start":{"line":675,"column":20},"end":{"line":675,"column":22}},"338":{"start":{"line":677,"column":6},"end":{"line":679,"column":49}},"339":{"start":{"line":678,"column":8},"end":{"line":678,"column":48}},"340":{"start":{"line":683,"column":2},"end":{"line":773,"column":5}},"341":{"start":{"line":684,"column":17},"end":{"line":684,"column":24}},"342":{"start":{"line":685,"column":21},"end":{"line":685,"column":57}},"343":{"start":{"line":686,"column":18},"end":{"line":686,"column":54}},"344":{"start":{"line":687,"column":21},"end":{"line":687,"column":43}},"345":{"start":{"line":688,"column":28},"end":{"line":688,"column":36}},"346":{"start":{"line":692,"column":4},"end":{"line":702,"column":6}},"347":{"start":{"line":693,"column":6},"end":{"line":701,"column":7}},"348":{"start":{"line":694,"column":8},"end":{"line":700,"column":55}},"349":{"start":{"line":700,"column":30},"end":{"line":700,"column":53}},"350":{"start":{"line":703,"column":4},"end":{"line":703,"column":24}},"351":{"start":{"line":705,"column":4},"end":{"line":711,"column":10}},"352":{"start":{"line":706,"column":6},"end":{"line":711,"column":8}},"353":{"start":{"line":707,"column":8},"end":{"line":707,"column":49}},"354":{"start":{"line":708,"column":8},"end":{"line":708,"column":37}},"355":{"start":{"line":709,"column":8},"end":{"line":709,"column":45}},"356":{"start":{"line":710,"column":8},"end":{"line":710,"column":39}},"357":{"start":{"line":713,"column":4},"end":{"line":724,"column":7}},"358":{"start":{"line":715,"column":21},"end":{"line":715,"column":47}},"359":{"start":{"line":717,"column":6},"end":{"line":721,"column":7}},"360":{"start":{"line":718,"column":21},"end":{"line":718,"column":53}},"361":{"start":{"line":720,"column":8},"end":{"line":720,"column":29}},"362":{"start":{"line":723,"column":6},"end":{"line":723,"column":76}},"363":{"start":{"line":726,"column":4},"end":{"line":732,"column":7}},"364":{"start":{"line":727,"column":21},"end":{"line":727,"column":23}},"365":{"start":{"line":729,"column":6},"end":{"line":731,"column":50}},"366":{"start":{"line":730,"column":8},"end":{"line":730,"column":35}},"367":{"start":{"line":734,"column":4},"end":{"line":740,"column":7}},"368":{"start":{"line":735,"column":21},"end":{"line":735,"column":30}},"369":{"start":{"line":737,"column":6},"end":{"line":739,"column":57}},"370":{"start":{"line":738,"column":8},"end":{"line":738,"column":35}},"371":{"start":{"line":742,"column":4},"end":{"line":748,"column":7}},"372":{"start":{"line":743,"column":21},"end":{"line":743,"column":23}},"373":{"start":{"line":745,"column":6},"end":{"line":747,"column":57}},"374":{"start":{"line":746,"column":8},"end":{"line":746,"column":35}},"375":{"start":{"line":750,"column":4},"end":{"line":756,"column":7}},"376":{"start":{"line":751,"column":21},"end":{"line":751,"column":26}},"377":{"start":{"line":753,"column":6},"end":{"line":755,"column":57}},"378":{"start":{"line":754,"column":8},"end":{"line":754,"column":35}},"379":{"start":{"line":758,"column":4},"end":{"line":764,"column":7}},"380":{"start":{"line":759,"column":21},"end":{"line":759,"column":23}},"381":{"start":{"line":761,"column":6},"end":{"line":763,"column":57}},"382":{"start":{"line":762,"column":8},"end":{"line":762,"column":35}},"383":{"start":{"line":766,"column":4},"end":{"line":772,"column":7}},"384":{"start":{"line":767,"column":21},"end":{"line":767,"column":23}},"385":{"start":{"line":769,"column":6},"end":{"line":771,"column":57}},"386":{"start":{"line":770,"column":8},"end":{"line":770,"column":35}},"387":{"start":{"line":775,"column":2},"end":{"line":1038,"column":5}},"388":{"start":{"line":776,"column":18},"end":{"line":776,"column":26}},"389":{"start":{"line":777,"column":24},"end":{"line":777,"column":30}},"390":{"start":{"line":778,"column":18},"end":{"line":778,"column":32}},"391":{"start":{"line":780,"column":17},"end":{"line":780,"column":30}},"392":{"start":{"line":781,"column":21},"end":{"line":781,"column":57}},"393":{"start":{"line":782,"column":18},"end":{"line":782,"column":54}},"394":{"start":{"line":783,"column":21},"end":{"line":783,"column":43}},"395":{"start":{"line":785,"column":4},"end":{"line":790,"column":6}},"396":{"start":{"line":786,"column":6},"end":{"line":789,"column":8}},"397":{"start":{"line":787,"column":8},"end":{"line":787,"column":17}},"398":{"start":{"line":788,"column":8},"end":{"line":788,"column":38}},"399":{"start":{"line":791,"column":4},"end":{"line":803,"column":7}},"400":{"start":{"line":792,"column":25},"end":{"line":797,"column":7}},"401":{"start":{"line":799,"column":19},"end":{"line":799,"column":53}},"402":{"start":{"line":800,"column":6},"end":{"line":800,"column":37}},"403":{"start":{"line":801,"column":6},"end":{"line":801,"column":49}},"404":{"start":{"line":802,"column":6},"end":{"line":802,"column":37}},"405":{"start":{"line":804,"column":4},"end":{"line":808,"column":7}},"406":{"start":{"line":805,"column":6},"end":{"line":807,"column":57}},"407":{"start":{"line":806,"column":8},"end":{"line":806,"column":27}},"408":{"start":{"line":810,"column":4},"end":{"line":814,"column":7}},"409":{"start":{"line":811,"column":6},"end":{"line":813,"column":53}},"410":{"start":{"line":812,"column":8},"end":{"line":812,"column":29}},"411":{"start":{"line":815,"column":4},"end":{"line":823,"column":7}},"412":{"start":{"line":816,"column":20},"end":{"line":816,"column":24}},"413":{"start":{"line":817,"column":26},"end":{"line":817,"column":32}},"414":{"start":{"line":818,"column":20},"end":{"line":818,"column":34}},"415":{"start":{"line":820,"column":6},"end":{"line":822,"column":56}},"416":{"start":{"line":821,"column":8},"end":{"line":821,"column":61}},"417":{"start":{"line":825,"column":4},"end":{"line":833,"column":7}},"418":{"start":{"line":826,"column":20},"end":{"line":826,"column":21}},"419":{"start":{"line":827,"column":26},"end":{"line":827,"column":32}},"420":{"start":{"line":828,"column":20},"end":{"line":828,"column":34}},"421":{"start":{"line":830,"column":6},"end":{"line":832,"column":56}},"422":{"start":{"line":831,"column":8},"end":{"line":831,"column":61}},"423":{"start":{"line":835,"column":4},"end":{"line":843,"column":7}},"424":{"start":{"line":836,"column":20},"end":{"line":836,"column":22}},"425":{"start":{"line":837,"column":26},"end":{"line":837,"column":32}},"426":{"start":{"line":838,"column":20},"end":{"line":838,"column":34}},"427":{"start":{"line":840,"column":6},"end":{"line":842,"column":56}},"428":{"start":{"line":841,"column":8},"end":{"line":841,"column":61}},"429":{"start":{"line":845,"column":4},"end":{"line":853,"column":7}},"430":{"start":{"line":846,"column":20},"end":{"line":846,"column":22}},"431":{"start":{"line":847,"column":26},"end":{"line":847,"column":32}},"432":{"start":{"line":848,"column":20},"end":{"line":848,"column":34}},"433":{"start":{"line":850,"column":6},"end":{"line":852,"column":61}},"434":{"start":{"line":851,"column":8},"end":{"line":851,"column":61}},"435":{"start":{"line":855,"column":4},"end":{"line":863,"column":7}},"436":{"start":{"line":856,"column":20},"end":{"line":856,"column":27}},"437":{"start":{"line":857,"column":26},"end":{"line":857,"column":35}},"438":{"start":{"line":858,"column":20},"end":{"line":858,"column":34}},"439":{"start":{"line":860,"column":6},"end":{"line":862,"column":62}},"440":{"start":{"line":861,"column":8},"end":{"line":861,"column":61}},"441":{"start":{"line":865,"column":4},"end":{"line":873,"column":7}},"442":{"start":{"line":866,"column":20},"end":{"line":866,"column":27}},"443":{"start":{"line":867,"column":26},"end":{"line":867,"column":28}},"444":{"start":{"line":868,"column":20},"end":{"line":868,"column":34}},"445":{"start":{"line":870,"column":6},"end":{"line":872,"column":62}},"446":{"start":{"line":871,"column":8},"end":{"line":871,"column":61}},"447":{"start":{"line":874,"column":4},"end":{"line":882,"column":7}},"448":{"start":{"line":875,"column":20},"end":{"line":875,"column":27}},"449":{"start":{"line":876,"column":26},"end":{"line":876,"column":30}},"450":{"start":{"line":877,"column":20},"end":{"line":877,"column":34}},"451":{"start":{"line":879,"column":6},"end":{"line":881,"column":62}},"452":{"start":{"line":880,"column":8},"end":{"line":880,"column":61}},"453":{"start":{"line":884,"column":4},"end":{"line":892,"column":7}},"454":{"start":{"line":885,"column":20},"end":{"line":885,"column":27}},"455":{"start":{"line":886,"column":26},"end":{"line":886,"column":27}},"456":{"start":{"line":887,"column":20},"end":{"line":887,"column":34}},"457":{"start":{"line":889,"column":6},"end":{"line":891,"column":62}},"458":{"start":{"line":890,"column":8},"end":{"line":890,"column":61}},"459":{"start":{"line":894,"column":4},"end":{"line":902,"column":7}},"460":{"start":{"line":895,"column":20},"end":{"line":895,"column":27}},"461":{"start":{"line":896,"column":26},"end":{"line":896,"column":28}},"462":{"start":{"line":897,"column":20},"end":{"line":897,"column":34}},"463":{"start":{"line":899,"column":6},"end":{"line":901,"column":62}},"464":{"start":{"line":900,"column":8},"end":{"line":900,"column":61}},"465":{"start":{"line":904,"column":4},"end":{"line":912,"column":7}},"466":{"start":{"line":905,"column":20},"end":{"line":905,"column":27}},"467":{"start":{"line":906,"column":26},"end":{"line":906,"column":28}},"468":{"start":{"line":907,"column":20},"end":{"line":907,"column":38}},"469":{"start":{"line":909,"column":6},"end":{"line":911,"column":73}},"470":{"start":{"line":910,"column":8},"end":{"line":910,"column":61}},"471":{"start":{"line":914,"column":4},"end":{"line":922,"column":7}},"472":{"start":{"line":915,"column":20},"end":{"line":915,"column":27}},"473":{"start":{"line":916,"column":26},"end":{"line":916,"column":34}},"474":{"start":{"line":917,"column":20},"end":{"line":917,"column":29}},"475":{"start":{"line":919,"column":6},"end":{"line":921,"column":56}},"476":{"start":{"line":920,"column":8},"end":{"line":920,"column":61}},"477":{"start":{"line":924,"column":4},"end":{"line":932,"column":7}},"478":{"start":{"line":925,"column":20},"end":{"line":925,"column":27}},"479":{"start":{"line":926,"column":26},"end":{"line":926,"column":34}},"480":{"start":{"line":927,"column":20},"end":{"line":927,"column":22}},"481":{"start":{"line":929,"column":6},"end":{"line":931,"column":56}},"482":{"start":{"line":930,"column":8},"end":{"line":930,"column":61}},"483":{"start":{"line":933,"column":4},"end":{"line":941,"column":7}},"484":{"start":{"line":934,"column":20},"end":{"line":934,"column":27}},"485":{"start":{"line":935,"column":26},"end":{"line":935,"column":34}},"486":{"start":{"line":936,"column":20},"end":{"line":936,"column":24}},"487":{"start":{"line":938,"column":6},"end":{"line":940,"column":56}},"488":{"start":{"line":939,"column":8},"end":{"line":939,"column":61}},"489":{"start":{"line":943,"column":4},"end":{"line":951,"column":7}},"490":{"start":{"line":944,"column":20},"end":{"line":944,"column":27}},"491":{"start":{"line":945,"column":26},"end":{"line":945,"column":34}},"492":{"start":{"line":946,"column":20},"end":{"line":946,"column":21}},"493":{"start":{"line":948,"column":6},"end":{"line":950,"column":56}},"494":{"start":{"line":949,"column":8},"end":{"line":949,"column":61}},"495":{"start":{"line":953,"column":4},"end":{"line":961,"column":7}},"496":{"start":{"line":954,"column":20},"end":{"line":954,"column":27}},"497":{"start":{"line":955,"column":26},"end":{"line":955,"column":34}},"498":{"start":{"line":956,"column":20},"end":{"line":956,"column":22}},"499":{"start":{"line":958,"column":6},"end":{"line":960,"column":56}},"500":{"start":{"line":959,"column":8},"end":{"line":959,"column":61}},"501":{"start":{"line":963,"column":4},"end":{"line":971,"column":7}},"502":{"start":{"line":964,"column":20},"end":{"line":964,"column":27}},"503":{"start":{"line":965,"column":26},"end":{"line":965,"column":34}},"504":{"start":{"line":966,"column":20},"end":{"line":966,"column":22}},"505":{"start":{"line":968,"column":6},"end":{"line":970,"column":61}},"506":{"start":{"line":969,"column":8},"end":{"line":969,"column":61}},"507":{"start":{"line":973,"column":4},"end":{"line":982,"column":7}},"508":{"start":{"line":974,"column":20},"end":{"line":974,"column":27}},"509":{"start":{"line":975,"column":26},"end":{"line":975,"column":34}},"510":{"start":{"line":976,"column":20},"end":{"line":976,"column":36}},"511":{"start":{"line":977,"column":6},"end":{"line":977,"column":19}},"512":{"start":{"line":979,"column":6},"end":{"line":981,"column":66}},"513":{"start":{"line":980,"column":8},"end":{"line":980,"column":61}},"514":{"start":{"line":984,"column":4},"end":{"line":993,"column":7}},"515":{"start":{"line":985,"column":20},"end":{"line":985,"column":27}},"516":{"start":{"line":986,"column":26},"end":{"line":986,"column":34}},"517":{"start":{"line":987,"column":20},"end":{"line":987,"column":36}},"518":{"start":{"line":988,"column":6},"end":{"line":988,"column":26}},"519":{"start":{"line":990,"column":6},"end":{"line":992,"column":58}},"520":{"start":{"line":991,"column":8},"end":{"line":991,"column":61}},"521":{"start":{"line":995,"column":4},"end":{"line":1004,"column":7}},"522":{"start":{"line":996,"column":20},"end":{"line":996,"column":27}},"523":{"start":{"line":997,"column":26},"end":{"line":997,"column":34}},"524":{"start":{"line":998,"column":20},"end":{"line":998,"column":36}},"525":{"start":{"line":999,"column":6},"end":{"line":999,"column":19}},"526":{"start":{"line":1001,"column":6},"end":{"line":1003,"column":58}},"527":{"start":{"line":1002,"column":8},"end":{"line":1002,"column":61}},"528":{"start":{"line":1006,"column":4},"end":{"line":1015,"column":7}},"529":{"start":{"line":1007,"column":20},"end":{"line":1007,"column":27}},"530":{"start":{"line":1008,"column":26},"end":{"line":1008,"column":34}},"531":{"start":{"line":1009,"column":20},"end":{"line":1009,"column":37}},"532":{"start":{"line":1010,"column":6},"end":{"line":1010,"column":21}},"533":{"start":{"line":1012,"column":6},"end":{"line":1014,"column":58}},"534":{"start":{"line":1013,"column":8},"end":{"line":1013,"column":61}},"535":{"start":{"line":1017,"column":4},"end":{"line":1026,"column":7}},"536":{"start":{"line":1018,"column":20},"end":{"line":1018,"column":27}},"537":{"start":{"line":1019,"column":26},"end":{"line":1019,"column":34}},"538":{"start":{"line":1020,"column":20},"end":{"line":1020,"column":37}},"539":{"start":{"line":1021,"column":6},"end":{"line":1021,"column":19}},"540":{"start":{"line":1023,"column":6},"end":{"line":1025,"column":58}},"541":{"start":{"line":1024,"column":8},"end":{"line":1024,"column":61}},"542":{"start":{"line":1028,"column":4},"end":{"line":1037,"column":7}},"543":{"start":{"line":1029,"column":20},"end":{"line":1029,"column":27}},"544":{"start":{"line":1030,"column":26},"end":{"line":1030,"column":34}},"545":{"start":{"line":1031,"column":20},"end":{"line":1031,"column":37}},"546":{"start":{"line":1032,"column":6},"end":{"line":1032,"column":19}},"547":{"start":{"line":1034,"column":6},"end":{"line":1036,"column":66}},"548":{"start":{"line":1035,"column":8},"end":{"line":1035,"column":61}},"549":{"start":{"line":1039,"column":2},"end":{"line":1114,"column":5}},"550":{"start":{"line":1040,"column":18},"end":{"line":1040,"column":26}},"551":{"start":{"line":1041,"column":24},"end":{"line":1041,"column":30}},"552":{"start":{"line":1042,"column":18},"end":{"line":1042,"column":32}},"553":{"start":{"line":1043,"column":17},"end":{"line":1043,"column":26}},"554":{"start":{"line":1045,"column":17},"end":{"line":1045,"column":30}},"555":{"start":{"line":1046,"column":21},"end":{"line":1046,"column":57}},"556":{"start":{"line":1047,"column":18},"end":{"line":1047,"column":54}},"557":{"start":{"line":1048,"column":21},"end":{"line":1048,"column":43}},"558":{"start":{"line":1050,"column":4},"end":{"line":1067,"column":6}},"559":{"start":{"line":1051,"column":6},"end":{"line":1066,"column":10}},"560":{"start":{"line":1053,"column":10},"end":{"line":1053,"column":40}},"561":{"start":{"line":1056,"column":10},"end":{"line":1062,"column":12}},"562":{"start":{"line":1065,"column":10},"end":{"line":1065,"column":39}},"563":{"start":{"line":1068,"column":4},"end":{"line":1074,"column":7}},"564":{"start":{"line":1069,"column":27},"end":{"line":1069,"column":67}},"565":{"start":{"line":1070,"column":6},"end":{"line":1070,"column":53}},"566":{"start":{"line":1071,"column":6},"end":{"line":1071,"column":65}},"567":{"start":{"line":1072,"column":6},"end":{"line":1072,"column":53}},"568":{"start":{"line":1073,"column":6},"end":{"line":1073,"column":53}},"569":{"start":{"line":1076,"column":4},"end":{"line":1081,"column":7}},"570":{"start":{"line":1077,"column":6},"end":{"line":1077,"column":19}},"571":{"start":{"line":1078,"column":6},"end":{"line":1080,"column":58}},"572":{"start":{"line":1079,"column":8},"end":{"line":1079,"column":43}},"573":{"start":{"line":1083,"column":4},"end":{"line":1089,"column":7}},"574":{"start":{"line":1084,"column":6},"end":{"line":1084,"column":19}},"575":{"start":{"line":1086,"column":6},"end":{"line":1088,"column":64}},"576":{"start":{"line":1087,"column":8},"end":{"line":1087,"column":43}},"577":{"start":{"line":1091,"column":4},"end":{"line":1097,"column":7}},"578":{"start":{"line":1092,"column":6},"end":{"line":1092,"column":26}},"579":{"start":{"line":1094,"column":6},"end":{"line":1096,"column":58}},"580":{"start":{"line":1095,"column":8},"end":{"line":1095,"column":43}},"581":{"start":{"line":1099,"column":4},"end":{"line":1105,"column":7}},"582":{"start":{"line":1100,"column":6},"end":{"line":1100,"column":19}},"583":{"start":{"line":1102,"column":6},"end":{"line":1104,"column":58}},"584":{"start":{"line":1103,"column":8},"end":{"line":1103,"column":43}},"585":{"start":{"line":1107,"column":4},"end":{"line":1113,"column":7}},"586":{"start":{"line":1108,"column":6},"end":{"line":1108,"column":21}},"587":{"start":{"line":1110,"column":6},"end":{"line":1112,"column":58}},"588":{"start":{"line":1111,"column":8},"end":{"line":1111,"column":43}},"589":{"start":{"line":1116,"column":2},"end":{"line":1152,"column":5}},"590":{"start":{"line":1117,"column":18},"end":{"line":1117,"column":26}},"591":{"start":{"line":1118,"column":24},"end":{"line":1118,"column":30}},"592":{"start":{"line":1119,"column":18},"end":{"line":1119,"column":32}},"593":{"start":{"line":1120,"column":17},"end":{"line":1120,"column":26}},"594":{"start":{"line":1122,"column":17},"end":{"line":1122,"column":30}},"595":{"start":{"line":1123,"column":21},"end":{"line":1123,"column":57}},"596":{"start":{"line":1124,"column":18},"end":{"line":1124,"column":54}},"597":{"start":{"line":1125,"column":21},"end":{"line":1125,"column":43}},"598":{"start":{"line":1127,"column":4},"end":{"line":1144,"column":6}},"599":{"start":{"line":1128,"column":6},"end":{"line":1143,"column":10}},"600":{"start":{"line":1130,"column":10},"end":{"line":1130,"column":40}},"601":{"start":{"line":1133,"column":10},"end":{"line":1139,"column":12}},"602":{"start":{"line":1142,"column":10},"end":{"line":1142,"column":39}},"603":{"start":{"line":1145,"column":4},"end":{"line":1151,"column":7}},"604":{"start":{"line":1146,"column":27},"end":{"line":1146,"column":57}},"605":{"start":{"line":1147,"column":6},"end":{"line":1147,"column":48}},"606":{"start":{"line":1148,"column":6},"end":{"line":1148,"column":60}},"607":{"start":{"line":1149,"column":6},"end":{"line":1149,"column":48}},"608":{"start":{"line":1150,"column":6},"end":{"line":1150,"column":67}},"609":{"start":{"line":1154,"column":2},"end":{"line":1342,"column":5}},"610":{"start":{"line":1155,"column":18},"end":{"line":1155,"column":26}},"611":{"start":{"line":1156,"column":24},"end":{"line":1156,"column":30}},"612":{"start":{"line":1157,"column":18},"end":{"line":1157,"column":32}},"613":{"start":{"line":1158,"column":17},"end":{"line":1158,"column":26}},"614":{"start":{"line":1160,"column":17},"end":{"line":1160,"column":30}},"615":{"start":{"line":1161,"column":21},"end":{"line":1161,"column":57}},"616":{"start":{"line":1162,"column":18},"end":{"line":1162,"column":54}},"617":{"start":{"line":1163,"column":21},"end":{"line":1163,"column":43}},"618":{"start":{"line":1165,"column":4},"end":{"line":1182,"column":6}},"619":{"start":{"line":1166,"column":6},"end":{"line":1181,"column":10}},"620":{"start":{"line":1168,"column":10},"end":{"line":1168,"column":40}},"621":{"start":{"line":1171,"column":10},"end":{"line":1177,"column":12}},"622":{"start":{"line":1180,"column":10},"end":{"line":1180,"column":39}},"623":{"start":{"line":1183,"column":4},"end":{"line":1188,"column":7}},"624":{"start":{"line":1184,"column":24},"end":{"line":1184,"column":72}},"625":{"start":{"line":1185,"column":6},"end":{"line":1185,"column":55}},"626":{"start":{"line":1186,"column":6},"end":{"line":1186,"column":67}},"627":{"start":{"line":1187,"column":6},"end":{"line":1187,"column":55}},"628":{"start":{"line":1189,"column":4},"end":{"line":1194,"column":7}},"629":{"start":{"line":1190,"column":6},"end":{"line":1190,"column":19}},"630":{"start":{"line":1191,"column":6},"end":{"line":1193,"column":50}},"631":{"start":{"line":1192,"column":8},"end":{"line":1192,"column":51}},"632":{"start":{"line":1196,"column":4},"end":{"line":1202,"column":7}},"633":{"start":{"line":1197,"column":6},"end":{"line":1197,"column":26}},"634":{"start":{"line":1199,"column":6},"end":{"line":1201,"column":58}},"635":{"start":{"line":1200,"column":8},"end":{"line":1200,"column":51}},"636":{"start":{"line":1204,"column":4},"end":{"line":1210,"column":7}},"637":{"start":{"line":1205,"column":6},"end":{"line":1205,"column":19}},"638":{"start":{"line":1207,"column":6},"end":{"line":1209,"column":58}},"639":{"start":{"line":1208,"column":8},"end":{"line":1208,"column":51}},"640":{"start":{"line":1212,"column":4},"end":{"line":1218,"column":7}},"641":{"start":{"line":1213,"column":6},"end":{"line":1213,"column":21}},"642":{"start":{"line":1215,"column":6},"end":{"line":1217,"column":58}},"643":{"start":{"line":1216,"column":8},"end":{"line":1216,"column":51}},"644":{"start":{"line":1220,"column":4},"end":{"line":1226,"column":7}},"645":{"start":{"line":1221,"column":6},"end":{"line":1221,"column":19}},"646":{"start":{"line":1223,"column":6},"end":{"line":1225,"column":58}},"647":{"start":{"line":1224,"column":8},"end":{"line":1224,"column":51}},"648":{"start":{"line":1227,"column":4},"end":{"line":1232,"column":7}},"649":{"start":{"line":1228,"column":6},"end":{"line":1228,"column":19}},"650":{"start":{"line":1229,"column":6},"end":{"line":1231,"column":50}},"651":{"start":{"line":1230,"column":8},"end":{"line":1230,"column":51}},"652":{"start":{"line":1234,"column":4},"end":{"line":1240,"column":7}},"653":{"start":{"line":1235,"column":6},"end":{"line":1235,"column":26}},"654":{"start":{"line":1237,"column":6},"end":{"line":1239,"column":58}},"655":{"start":{"line":1238,"column":8},"end":{"line":1238,"column":51}},"656":{"start":{"line":1242,"column":4},"end":{"line":1248,"column":7}},"657":{"start":{"line":1243,"column":6},"end":{"line":1243,"column":19}},"658":{"start":{"line":1245,"column":6},"end":{"line":1247,"column":58}},"659":{"start":{"line":1246,"column":8},"end":{"line":1246,"column":51}},"660":{"start":{"line":1250,"column":4},"end":{"line":1256,"column":7}},"661":{"start":{"line":1251,"column":6},"end":{"line":1251,"column":21}},"662":{"start":{"line":1253,"column":6},"end":{"line":1255,"column":58}},"663":{"start":{"line":1254,"column":8},"end":{"line":1254,"column":51}},"664":{"start":{"line":1258,"column":4},"end":{"line":1264,"column":7}},"665":{"start":{"line":1259,"column":6},"end":{"line":1259,"column":19}},"666":{"start":{"line":1261,"column":6},"end":{"line":1263,"column":58}},"667":{"start":{"line":1262,"column":8},"end":{"line":1262,"column":51}},"668":{"start":{"line":1266,"column":4},"end":{"line":1271,"column":7}},"669":{"start":{"line":1267,"column":6},"end":{"line":1267,"column":18}},"670":{"start":{"line":1268,"column":6},"end":{"line":1270,"column":50}},"671":{"start":{"line":1269,"column":8},"end":{"line":1269,"column":51}},"672":{"start":{"line":1273,"column":4},"end":{"line":1279,"column":7}},"673":{"start":{"line":1274,"column":6},"end":{"line":1274,"column":25}},"674":{"start":{"line":1276,"column":6},"end":{"line":1278,"column":57}},"675":{"start":{"line":1277,"column":8},"end":{"line":1277,"column":51}},"676":{"start":{"line":1281,"column":4},"end":{"line":1287,"column":7}},"677":{"start":{"line":1282,"column":6},"end":{"line":1282,"column":18}},"678":{"start":{"line":1284,"column":6},"end":{"line":1286,"column":57}},"679":{"start":{"line":1285,"column":8},"end":{"line":1285,"column":51}},"680":{"start":{"line":1289,"column":4},"end":{"line":1295,"column":7}},"681":{"start":{"line":1290,"column":6},"end":{"line":1290,"column":20}},"682":{"start":{"line":1292,"column":6},"end":{"line":1294,"column":57}},"683":{"start":{"line":1293,"column":8},"end":{"line":1293,"column":51}},"684":{"start":{"line":1297,"column":4},"end":{"line":1303,"column":7}},"685":{"start":{"line":1298,"column":6},"end":{"line":1298,"column":18}},"686":{"start":{"line":1300,"column":6},"end":{"line":1302,"column":57}},"687":{"start":{"line":1301,"column":8},"end":{"line":1301,"column":51}},"688":{"start":{"line":1304,"column":4},"end":{"line":1309,"column":7}},"689":{"start":{"line":1305,"column":6},"end":{"line":1305,"column":18}},"690":{"start":{"line":1306,"column":6},"end":{"line":1308,"column":50}},"691":{"start":{"line":1307,"column":8},"end":{"line":1307,"column":51}},"692":{"start":{"line":1311,"column":4},"end":{"line":1317,"column":7}},"693":{"start":{"line":1312,"column":6},"end":{"line":1312,"column":25}},"694":{"start":{"line":1314,"column":6},"end":{"line":1316,"column":57}},"695":{"start":{"line":1315,"column":8},"end":{"line":1315,"column":51}},"696":{"start":{"line":1319,"column":4},"end":{"line":1325,"column":7}},"697":{"start":{"line":1320,"column":6},"end":{"line":1320,"column":18}},"698":{"start":{"line":1322,"column":6},"end":{"line":1324,"column":57}},"699":{"start":{"line":1323,"column":8},"end":{"line":1323,"column":51}},"700":{"start":{"line":1327,"column":4},"end":{"line":1333,"column":7}},"701":{"start":{"line":1328,"column":6},"end":{"line":1328,"column":20}},"702":{"start":{"line":1330,"column":6},"end":{"line":1332,"column":57}},"703":{"start":{"line":1331,"column":8},"end":{"line":1331,"column":51}},"704":{"start":{"line":1335,"column":4},"end":{"line":1341,"column":7}},"705":{"start":{"line":1336,"column":6},"end":{"line":1336,"column":18}},"706":{"start":{"line":1338,"column":6},"end":{"line":1340,"column":57}},"707":{"start":{"line":1339,"column":8},"end":{"line":1339,"column":51}},"708":{"start":{"line":1344,"column":2},"end":{"line":1610,"column":5}},"709":{"start":{"line":1345,"column":18},"end":{"line":1345,"column":26}},"710":{"start":{"line":1346,"column":24},"end":{"line":1346,"column":30}},"711":{"start":{"line":1347,"column":18},"end":{"line":1347,"column":32}},"712":{"start":{"line":1348,"column":17},"end":{"line":1348,"column":26}},"713":{"start":{"line":1350,"column":17},"end":{"line":1350,"column":30}},"714":{"start":{"line":1351,"column":21},"end":{"line":1351,"column":57}},"715":{"start":{"line":1352,"column":18},"end":{"line":1352,"column":54}},"716":{"start":{"line":1353,"column":21},"end":{"line":1353,"column":43}},"717":{"start":{"line":1354,"column":15},"end":{"line":1354,"column":64}},"718":{"start":{"line":1356,"column":4},"end":{"line":1373,"column":6}},"719":{"start":{"line":1357,"column":6},"end":{"line":1372,"column":10}},"720":{"start":{"line":1359,"column":10},"end":{"line":1359,"column":40}},"721":{"start":{"line":1362,"column":10},"end":{"line":1368,"column":12}},"722":{"start":{"line":1371,"column":10},"end":{"line":1371,"column":39}},"723":{"start":{"line":1374,"column":4},"end":{"line":1379,"column":7}},"724":{"start":{"line":1375,"column":23},"end":{"line":1375,"column":72}},"725":{"start":{"line":1376,"column":6},"end":{"line":1376,"column":28}},"726":{"start":{"line":1377,"column":6},"end":{"line":1377,"column":53}},"727":{"start":{"line":1378,"column":6},"end":{"line":1378,"column":51}},"728":{"start":{"line":1380,"column":4},"end":{"line":1385,"column":7}},"729":{"start":{"line":1381,"column":6},"end":{"line":1381,"column":19}},"730":{"start":{"line":1382,"column":6},"end":{"line":1384,"column":50}},"731":{"start":{"line":1383,"column":8},"end":{"line":1383,"column":52}},"732":{"start":{"line":1387,"column":4},"end":{"line":1393,"column":7}},"733":{"start":{"line":1388,"column":6},"end":{"line":1388,"column":26}},"734":{"start":{"line":1390,"column":6},"end":{"line":1392,"column":58}},"735":{"start":{"line":1391,"column":8},"end":{"line":1391,"column":52}},"736":{"start":{"line":1395,"column":4},"end":{"line":1401,"column":7}},"737":{"start":{"line":1396,"column":6},"end":{"line":1396,"column":19}},"738":{"start":{"line":1398,"column":6},"end":{"line":1400,"column":58}},"739":{"start":{"line":1399,"column":8},"end":{"line":1399,"column":52}},"740":{"start":{"line":1403,"column":4},"end":{"line":1409,"column":7}},"741":{"start":{"line":1404,"column":6},"end":{"line":1404,"column":21}},"742":{"start":{"line":1406,"column":6},"end":{"line":1408,"column":58}},"743":{"start":{"line":1407,"column":8},"end":{"line":1407,"column":52}},"744":{"start":{"line":1411,"column":4},"end":{"line":1417,"column":7}},"745":{"start":{"line":1412,"column":6},"end":{"line":1412,"column":19}},"746":{"start":{"line":1414,"column":6},"end":{"line":1416,"column":58}},"747":{"start":{"line":1415,"column":8},"end":{"line":1415,"column":52}},"748":{"start":{"line":1418,"column":4},"end":{"line":1423,"column":7}},"749":{"start":{"line":1419,"column":6},"end":{"line":1419,"column":19}},"750":{"start":{"line":1420,"column":6},"end":{"line":1422,"column":50}},"751":{"start":{"line":1421,"column":8},"end":{"line":1421,"column":52}},"752":{"start":{"line":1425,"column":4},"end":{"line":1431,"column":7}},"753":{"start":{"line":1426,"column":6},"end":{"line":1426,"column":26}},"754":{"start":{"line":1428,"column":6},"end":{"line":1430,"column":58}},"755":{"start":{"line":1429,"column":8},"end":{"line":1429,"column":52}},"756":{"start":{"line":1433,"column":4},"end":{"line":1439,"column":7}},"757":{"start":{"line":1434,"column":6},"end":{"line":1434,"column":19}},"758":{"start":{"line":1436,"column":6},"end":{"line":1438,"column":58}},"759":{"start":{"line":1437,"column":8},"end":{"line":1437,"column":52}},"760":{"start":{"line":1441,"column":4},"end":{"line":1447,"column":7}},"761":{"start":{"line":1442,"column":6},"end":{"line":1442,"column":21}},"762":{"start":{"line":1444,"column":6},"end":{"line":1446,"column":58}},"763":{"start":{"line":1445,"column":8},"end":{"line":1445,"column":52}},"764":{"start":{"line":1449,"column":4},"end":{"line":1455,"column":7}},"765":{"start":{"line":1450,"column":6},"end":{"line":1450,"column":19}},"766":{"start":{"line":1452,"column":6},"end":{"line":1454,"column":58}},"767":{"start":{"line":1453,"column":8},"end":{"line":1453,"column":52}},"768":{"start":{"line":1457,"column":4},"end":{"line":1462,"column":7}},"769":{"start":{"line":1458,"column":6},"end":{"line":1458,"column":18}},"770":{"start":{"line":1459,"column":6},"end":{"line":1461,"column":50}},"771":{"start":{"line":1460,"column":8},"end":{"line":1460,"column":52}},"772":{"start":{"line":1464,"column":4},"end":{"line":1470,"column":7}},"773":{"start":{"line":1465,"column":6},"end":{"line":1465,"column":25}},"774":{"start":{"line":1467,"column":6},"end":{"line":1469,"column":57}},"775":{"start":{"line":1468,"column":8},"end":{"line":1468,"column":52}},"776":{"start":{"line":1472,"column":4},"end":{"line":1478,"column":7}},"777":{"start":{"line":1473,"column":6},"end":{"line":1473,"column":18}},"778":{"start":{"line":1475,"column":6},"end":{"line":1477,"column":57}},"779":{"start":{"line":1476,"column":8},"end":{"line":1476,"column":52}},"780":{"start":{"line":1480,"column":4},"end":{"line":1486,"column":7}},"781":{"start":{"line":1481,"column":6},"end":{"line":1481,"column":20}},"782":{"start":{"line":1483,"column":6},"end":{"line":1485,"column":57}},"783":{"start":{"line":1484,"column":8},"end":{"line":1484,"column":52}},"784":{"start":{"line":1488,"column":4},"end":{"line":1494,"column":7}},"785":{"start":{"line":1489,"column":6},"end":{"line":1489,"column":18}},"786":{"start":{"line":1491,"column":6},"end":{"line":1493,"column":57}},"787":{"start":{"line":1492,"column":8},"end":{"line":1492,"column":52}},"788":{"start":{"line":1495,"column":4},"end":{"line":1500,"column":7}},"789":{"start":{"line":1496,"column":6},"end":{"line":1496,"column":18}},"790":{"start":{"line":1497,"column":6},"end":{"line":1499,"column":50}},"791":{"start":{"line":1498,"column":8},"end":{"line":1498,"column":52}},"792":{"start":{"line":1502,"column":4},"end":{"line":1508,"column":7}},"793":{"start":{"line":1503,"column":6},"end":{"line":1503,"column":25}},"794":{"start":{"line":1505,"column":6},"end":{"line":1507,"column":57}},"795":{"start":{"line":1506,"column":8},"end":{"line":1506,"column":52}},"796":{"start":{"line":1510,"column":4},"end":{"line":1516,"column":7}},"797":{"start":{"line":1511,"column":6},"end":{"line":1511,"column":18}},"798":{"start":{"line":1513,"column":6},"end":{"line":1515,"column":57}},"799":{"start":{"line":1514,"column":8},"end":{"line":1514,"column":52}},"800":{"start":{"line":1518,"column":4},"end":{"line":1524,"column":7}},"801":{"start":{"line":1519,"column":6},"end":{"line":1519,"column":20}},"802":{"start":{"line":1521,"column":6},"end":{"line":1523,"column":57}},"803":{"start":{"line":1522,"column":8},"end":{"line":1522,"column":52}},"804":{"start":{"line":1526,"column":4},"end":{"line":1532,"column":7}},"805":{"start":{"line":1527,"column":6},"end":{"line":1527,"column":18}},"806":{"start":{"line":1529,"column":6},"end":{"line":1531,"column":57}},"807":{"start":{"line":1530,"column":8},"end":{"line":1530,"column":52}},"808":{"start":{"line":1534,"column":4},"end":{"line":1539,"column":7}},"809":{"start":{"line":1535,"column":6},"end":{"line":1535,"column":16}},"810":{"start":{"line":1536,"column":6},"end":{"line":1538,"column":48}},"811":{"start":{"line":1537,"column":8},"end":{"line":1537,"column":52}},"812":{"start":{"line":1541,"column":4},"end":{"line":1547,"column":7}},"813":{"start":{"line":1542,"column":6},"end":{"line":1542,"column":23}},"814":{"start":{"line":1544,"column":6},"end":{"line":1546,"column":55}},"815":{"start":{"line":1545,"column":8},"end":{"line":1545,"column":52}},"816":{"start":{"line":1549,"column":4},"end":{"line":1555,"column":7}},"817":{"start":{"line":1550,"column":6},"end":{"line":1550,"column":16}},"818":{"start":{"line":1552,"column":6},"end":{"line":1554,"column":55}},"819":{"start":{"line":1553,"column":8},"end":{"line":1553,"column":52}},"820":{"start":{"line":1557,"column":4},"end":{"line":1563,"column":7}},"821":{"start":{"line":1558,"column":6},"end":{"line":1558,"column":18}},"822":{"start":{"line":1560,"column":6},"end":{"line":1562,"column":55}},"823":{"start":{"line":1561,"column":8},"end":{"line":1561,"column":52}},"824":{"start":{"line":1565,"column":4},"end":{"line":1571,"column":7}},"825":{"start":{"line":1566,"column":6},"end":{"line":1566,"column":16}},"826":{"start":{"line":1568,"column":6},"end":{"line":1570,"column":55}},"827":{"start":{"line":1569,"column":8},"end":{"line":1569,"column":52}},"828":{"start":{"line":1572,"column":4},"end":{"line":1577,"column":7}},"829":{"start":{"line":1573,"column":6},"end":{"line":1573,"column":16}},"830":{"start":{"line":1574,"column":6},"end":{"line":1576,"column":48}},"831":{"start":{"line":1575,"column":8},"end":{"line":1575,"column":49}},"832":{"start":{"line":1579,"column":4},"end":{"line":1585,"column":7}},"833":{"start":{"line":1580,"column":6},"end":{"line":1580,"column":23}},"834":{"start":{"line":1582,"column":6},"end":{"line":1584,"column":55}},"835":{"start":{"line":1583,"column":8},"end":{"line":1583,"column":52}},"836":{"start":{"line":1587,"column":4},"end":{"line":1593,"column":7}},"837":{"start":{"line":1588,"column":6},"end":{"line":1588,"column":16}},"838":{"start":{"line":1590,"column":6},"end":{"line":1592,"column":55}},"839":{"start":{"line":1591,"column":8},"end":{"line":1591,"column":52}},"840":{"start":{"line":1595,"column":4},"end":{"line":1601,"column":7}},"841":{"start":{"line":1596,"column":6},"end":{"line":1596,"column":18}},"842":{"start":{"line":1598,"column":6},"end":{"line":1600,"column":55}},"843":{"start":{"line":1599,"column":8},"end":{"line":1599,"column":52}},"844":{"start":{"line":1603,"column":4},"end":{"line":1609,"column":7}},"845":{"start":{"line":1604,"column":6},"end":{"line":1604,"column":16}},"846":{"start":{"line":1606,"column":6},"end":{"line":1608,"column":55}},"847":{"start":{"line":1607,"column":8},"end":{"line":1607,"column":52}},"848":{"start":{"line":1611,"column":2},"end":{"line":1799,"column":5}},"849":{"start":{"line":1612,"column":18},"end":{"line":1612,"column":26}},"850":{"start":{"line":1613,"column":24},"end":{"line":1613,"column":30}},"851":{"start":{"line":1614,"column":18},"end":{"line":1614,"column":32}},"852":{"start":{"line":1615,"column":17},"end":{"line":1615,"column":26}},"853":{"start":{"line":1617,"column":17},"end":{"line":1617,"column":30}},"854":{"start":{"line":1618,"column":21},"end":{"line":1618,"column":57}},"855":{"start":{"line":1619,"column":18},"end":{"line":1619,"column":54}},"856":{"start":{"line":1620,"column":21},"end":{"line":1620,"column":43}},"857":{"start":{"line":1621,"column":15},"end":{"line":1621,"column":64}},"858":{"start":{"line":1623,"column":4},"end":{"line":1640,"column":6}},"859":{"start":{"line":1624,"column":6},"end":{"line":1639,"column":10}},"860":{"start":{"line":1626,"column":10},"end":{"line":1626,"column":40}},"861":{"start":{"line":1629,"column":10},"end":{"line":1635,"column":12}},"862":{"start":{"line":1638,"column":10},"end":{"line":1638,"column":39}},"863":{"start":{"line":1641,"column":4},"end":{"line":1645,"column":7}},"864":{"start":{"line":1642,"column":21},"end":{"line":1642,"column":60}},"865":{"start":{"line":1643,"column":6},"end":{"line":1643,"column":26}},"866":{"start":{"line":1644,"column":6},"end":{"line":1644,"column":40}},"867":{"start":{"line":1646,"column":4},"end":{"line":1651,"column":7}},"868":{"start":{"line":1647,"column":6},"end":{"line":1647,"column":19}},"869":{"start":{"line":1648,"column":6},"end":{"line":1650,"column":50}},"870":{"start":{"line":1649,"column":8},"end":{"line":1649,"column":42}},"871":{"start":{"line":1653,"column":4},"end":{"line":1659,"column":7}},"872":{"start":{"line":1654,"column":6},"end":{"line":1654,"column":26}},"873":{"start":{"line":1656,"column":6},"end":{"line":1658,"column":58}},"874":{"start":{"line":1657,"column":8},"end":{"line":1657,"column":42}},"875":{"start":{"line":1661,"column":4},"end":{"line":1667,"column":7}},"876":{"start":{"line":1662,"column":6},"end":{"line":1662,"column":19}},"877":{"start":{"line":1664,"column":6},"end":{"line":1666,"column":58}},"878":{"start":{"line":1665,"column":8},"end":{"line":1665,"column":42}},"879":{"start":{"line":1669,"column":4},"end":{"line":1675,"column":7}},"880":{"start":{"line":1670,"column":6},"end":{"line":1670,"column":21}},"881":{"start":{"line":1672,"column":6},"end":{"line":1674,"column":58}},"882":{"start":{"line":1673,"column":8},"end":{"line":1673,"column":42}},"883":{"start":{"line":1677,"column":4},"end":{"line":1683,"column":7}},"884":{"start":{"line":1678,"column":6},"end":{"line":1678,"column":19}},"885":{"start":{"line":1680,"column":6},"end":{"line":1682,"column":58}},"886":{"start":{"line":1681,"column":8},"end":{"line":1681,"column":42}},"887":{"start":{"line":1684,"column":4},"end":{"line":1689,"column":7}},"888":{"start":{"line":1685,"column":6},"end":{"line":1685,"column":19}},"889":{"start":{"line":1686,"column":6},"end":{"line":1688,"column":50}},"890":{"start":{"line":1687,"column":8},"end":{"line":1687,"column":42}},"891":{"start":{"line":1691,"column":4},"end":{"line":1697,"column":7}},"892":{"start":{"line":1692,"column":6},"end":{"line":1692,"column":26}},"893":{"start":{"line":1694,"column":6},"end":{"line":1696,"column":58}},"894":{"start":{"line":1695,"column":8},"end":{"line":1695,"column":42}},"895":{"start":{"line":1699,"column":4},"end":{"line":1705,"column":7}},"896":{"start":{"line":1700,"column":6},"end":{"line":1700,"column":19}},"897":{"start":{"line":1702,"column":6},"end":{"line":1704,"column":58}},"898":{"start":{"line":1703,"column":8},"end":{"line":1703,"column":42}},"899":{"start":{"line":1707,"column":4},"end":{"line":1713,"column":7}},"900":{"start":{"line":1708,"column":6},"end":{"line":1708,"column":21}},"901":{"start":{"line":1710,"column":6},"end":{"line":1712,"column":58}},"902":{"start":{"line":1711,"column":8},"end":{"line":1711,"column":52}},"903":{"start":{"line":1715,"column":4},"end":{"line":1721,"column":7}},"904":{"start":{"line":1716,"column":6},"end":{"line":1716,"column":19}},"905":{"start":{"line":1718,"column":6},"end":{"line":1720,"column":58}},"906":{"start":{"line":1719,"column":8},"end":{"line":1719,"column":52}},"907":{"start":{"line":1723,"column":4},"end":{"line":1728,"column":7}},"908":{"start":{"line":1724,"column":6},"end":{"line":1724,"column":18}},"909":{"start":{"line":1725,"column":6},"end":{"line":1727,"column":50}},"910":{"start":{"line":1726,"column":8},"end":{"line":1726,"column":52}},"911":{"start":{"line":1730,"column":4},"end":{"line":1736,"column":7}},"912":{"start":{"line":1731,"column":6},"end":{"line":1731,"column":25}},"913":{"start":{"line":1733,"column":6},"end":{"line":1735,"column":57}},"914":{"start":{"line":1734,"column":8},"end":{"line":1734,"column":52}},"915":{"start":{"line":1738,"column":4},"end":{"line":1744,"column":7}},"916":{"start":{"line":1739,"column":6},"end":{"line":1739,"column":18}},"917":{"start":{"line":1741,"column":6},"end":{"line":1743,"column":57}},"918":{"start":{"line":1742,"column":8},"end":{"line":1742,"column":52}},"919":{"start":{"line":1746,"column":4},"end":{"line":1752,"column":7}},"920":{"start":{"line":1747,"column":6},"end":{"line":1747,"column":20}},"921":{"start":{"line":1749,"column":6},"end":{"line":1751,"column":57}},"922":{"start":{"line":1750,"column":8},"end":{"line":1750,"column":52}},"923":{"start":{"line":1754,"column":4},"end":{"line":1760,"column":7}},"924":{"start":{"line":1755,"column":6},"end":{"line":1755,"column":18}},"925":{"start":{"line":1757,"column":6},"end":{"line":1759,"column":57}},"926":{"start":{"line":1758,"column":8},"end":{"line":1758,"column":52}},"927":{"start":{"line":1761,"column":4},"end":{"line":1766,"column":7}},"928":{"start":{"line":1762,"column":6},"end":{"line":1762,"column":18}},"929":{"start":{"line":1763,"column":6},"end":{"line":1765,"column":50}},"930":{"start":{"line":1764,"column":8},"end":{"line":1764,"column":52}},"931":{"start":{"line":1768,"column":4},"end":{"line":1774,"column":7}},"932":{"start":{"line":1769,"column":6},"end":{"line":1769,"column":25}},"933":{"start":{"line":1771,"column":6},"end":{"line":1773,"column":57}},"934":{"start":{"line":1772,"column":8},"end":{"line":1772,"column":52}},"935":{"start":{"line":1776,"column":4},"end":{"line":1782,"column":7}},"936":{"start":{"line":1777,"column":6},"end":{"line":1777,"column":18}},"937":{"start":{"line":1779,"column":6},"end":{"line":1781,"column":57}},"938":{"start":{"line":1780,"column":8},"end":{"line":1780,"column":52}},"939":{"start":{"line":1784,"column":4},"end":{"line":1790,"column":7}},"940":{"start":{"line":1785,"column":6},"end":{"line":1785,"column":20}},"941":{"start":{"line":1787,"column":6},"end":{"line":1789,"column":57}},"942":{"start":{"line":1788,"column":8},"end":{"line":1788,"column":52}},"943":{"start":{"line":1792,"column":4},"end":{"line":1798,"column":7}},"944":{"start":{"line":1793,"column":6},"end":{"line":1793,"column":18}},"945":{"start":{"line":1795,"column":6},"end":{"line":1797,"column":57}},"946":{"start":{"line":1796,"column":8},"end":{"line":1796,"column":52}},"947":{"start":{"line":1801,"column":2},"end":{"line":1807,"column":4}},"948":{"start":{"line":1802,"column":4},"end":{"line":1806,"column":40}},"949":{"start":{"line":1806,"column":18},"end":{"line":1806,"column":39}}},"fnMap":{"0":{"name":"(anonymous_0)","decl":{"start":{"line":16,"column":18},"end":{"line":16,"column":19}},"loc":{"start":{"line":16,"column":24},"end":{"line":1808,"column":1}},"line":16},"1":{"name":"(anonymous_1)","decl":{"start":{"line":17,"column":9},"end":{"line":17,"column":10}},"loc":{"start":{"line":17,"column":15},"end":{"line":17,"column":71}},"line":17},"2":{"name":"(anonymous_2)","decl":{"start":{"line":19,"column":13},"end":{"line":19,"column":14}},"loc":{"start":{"line":20,"column":4},"end":{"line":20,"column":77}},"line":20},"3":{"name":"(anonymous_3)","decl":{"start":{"line":23,"column":28},"end":{"line":23,"column":29}},"loc":{"start":{"line":23,"column":34},"end":{"line":536,"column":3}},"line":23},"4":{"name":"(anonymous_4)","decl":{"start":{"line":30,"column":39},"end":{"line":30,"column":40}},"loc":{"start":{"line":30,"column":51},"end":{"line":45,"column":5}},"line":30},"5":{"name":"(anonymous_5)","decl":{"start":{"line":47,"column":40},"end":{"line":47,"column":41}},"loc":{"start":{"line":47,"column":46},"end":{"line":56,"column":5}},"line":47},"6":{"name":"(anonymous_6)","decl":{"start":{"line":53,"column":13},"end":{"line":53,"column":14}},"loc":{"start":{"line":53,"column":19},"end":{"line":55,"column":7}},"line":53},"7":{"name":"(anonymous_7)","decl":{"start":{"line":58,"column":38},"end":{"line":58,"column":39}},"loc":{"start":{"line":58,"column":44},"end":{"line":67,"column":5}},"line":58},"8":{"name":"(anonymous_8)","decl":{"start":{"line":64,"column":13},"end":{"line":64,"column":14}},"loc":{"start":{"line":64,"column":19},"end":{"line":66,"column":7}},"line":64},"9":{"name":"(anonymous_9)","decl":{"start":{"line":69,"column":38},"end":{"line":69,"column":39}},"loc":{"start":{"line":69,"column":44},"end":{"line":78,"column":5}},"line":69},"10":{"name":"(anonymous_10)","decl":{"start":{"line":75,"column":13},"end":{"line":75,"column":14}},"loc":{"start":{"line":75,"column":19},"end":{"line":77,"column":7}},"line":75},"11":{"name":"(anonymous_11)","decl":{"start":{"line":80,"column":37},"end":{"line":80,"column":38}},"loc":{"start":{"line":80,"column":43},"end":{"line":89,"column":5}},"line":80},"12":{"name":"(anonymous_12)","decl":{"start":{"line":86,"column":13},"end":{"line":86,"column":14}},"loc":{"start":{"line":86,"column":19},"end":{"line":88,"column":7}},"line":86},"13":{"name":"(anonymous_13)","decl":{"start":{"line":91,"column":36},"end":{"line":91,"column":37}},"loc":{"start":{"line":91,"column":42},"end":{"line":100,"column":5}},"line":91},"14":{"name":"(anonymous_14)","decl":{"start":{"line":97,"column":13},"end":{"line":97,"column":14}},"loc":{"start":{"line":97,"column":19},"end":{"line":99,"column":7}},"line":97},"15":{"name":"(anonymous_15)","decl":{"start":{"line":102,"column":36},"end":{"line":102,"column":37}},"loc":{"start":{"line":102,"column":42},"end":{"line":111,"column":5}},"line":102},"16":{"name":"(anonymous_16)","decl":{"start":{"line":108,"column":13},"end":{"line":108,"column":14}},"loc":{"start":{"line":108,"column":19},"end":{"line":110,"column":7}},"line":108},"17":{"name":"(anonymous_17)","decl":{"start":{"line":113,"column":44},"end":{"line":113,"column":45}},"loc":{"start":{"line":113,"column":50},"end":{"line":122,"column":5}},"line":113},"18":{"name":"(anonymous_18)","decl":{"start":{"line":119,"column":13},"end":{"line":119,"column":14}},"loc":{"start":{"line":119,"column":19},"end":{"line":121,"column":7}},"line":119},"19":{"name":"(anonymous_19)","decl":{"start":{"line":124,"column":42},"end":{"line":124,"column":43}},"loc":{"start":{"line":124,"column":48},"end":{"line":133,"column":5}},"line":124},"20":{"name":"(anonymous_20)","decl":{"start":{"line":130,"column":13},"end":{"line":130,"column":14}},"loc":{"start":{"line":130,"column":19},"end":{"line":132,"column":7}},"line":130},"21":{"name":"(anonymous_21)","decl":{"start":{"line":135,"column":42},"end":{"line":135,"column":43}},"loc":{"start":{"line":135,"column":48},"end":{"line":144,"column":5}},"line":135},"22":{"name":"(anonymous_22)","decl":{"start":{"line":141,"column":13},"end":{"line":141,"column":14}},"loc":{"start":{"line":141,"column":19},"end":{"line":143,"column":7}},"line":141},"23":{"name":"(anonymous_23)","decl":{"start":{"line":146,"column":41},"end":{"line":146,"column":42}},"loc":{"start":{"line":146,"column":47},"end":{"line":155,"column":5}},"line":146},"24":{"name":"(anonymous_24)","decl":{"start":{"line":152,"column":13},"end":{"line":152,"column":14}},"loc":{"start":{"line":152,"column":19},"end":{"line":154,"column":7}},"line":152},"25":{"name":"(anonymous_25)","decl":{"start":{"line":157,"column":40},"end":{"line":157,"column":41}},"loc":{"start":{"line":157,"column":46},"end":{"line":166,"column":5}},"line":157},"26":{"name":"(anonymous_26)","decl":{"start":{"line":163,"column":13},"end":{"line":163,"column":14}},"loc":{"start":{"line":163,"column":19},"end":{"line":165,"column":7}},"line":163},"27":{"name":"(anonymous_27)","decl":{"start":{"line":168,"column":40},"end":{"line":168,"column":41}},"loc":{"start":{"line":168,"column":46},"end":{"line":177,"column":5}},"line":168},"28":{"name":"(anonymous_28)","decl":{"start":{"line":174,"column":13},"end":{"line":174,"column":14}},"loc":{"start":{"line":174,"column":19},"end":{"line":176,"column":7}},"line":174},"29":{"name":"(anonymous_29)","decl":{"start":{"line":179,"column":41},"end":{"line":179,"column":42}},"loc":{"start":{"line":179,"column":47},"end":{"line":188,"column":5}},"line":179},"30":{"name":"(anonymous_30)","decl":{"start":{"line":185,"column":13},"end":{"line":185,"column":14}},"loc":{"start":{"line":185,"column":19},"end":{"line":187,"column":7}},"line":185},"31":{"name":"(anonymous_31)","decl":{"start":{"line":190,"column":39},"end":{"line":190,"column":40}},"loc":{"start":{"line":190,"column":45},"end":{"line":199,"column":5}},"line":190},"32":{"name":"(anonymous_32)","decl":{"start":{"line":196,"column":13},"end":{"line":196,"column":14}},"loc":{"start":{"line":196,"column":19},"end":{"line":198,"column":7}},"line":196},"33":{"name":"(anonymous_33)","decl":{"start":{"line":201,"column":39},"end":{"line":201,"column":40}},"loc":{"start":{"line":201,"column":45},"end":{"line":210,"column":5}},"line":201},"34":{"name":"(anonymous_34)","decl":{"start":{"line":207,"column":13},"end":{"line":207,"column":14}},"loc":{"start":{"line":207,"column":19},"end":{"line":209,"column":7}},"line":207},"35":{"name":"(anonymous_35)","decl":{"start":{"line":212,"column":38},"end":{"line":212,"column":39}},"loc":{"start":{"line":212,"column":44},"end":{"line":221,"column":5}},"line":212},"36":{"name":"(anonymous_36)","decl":{"start":{"line":218,"column":13},"end":{"line":218,"column":14}},"loc":{"start":{"line":218,"column":19},"end":{"line":220,"column":7}},"line":218},"37":{"name":"(anonymous_37)","decl":{"start":{"line":223,"column":36},"end":{"line":223,"column":37}},"loc":{"start":{"line":223,"column":42},"end":{"line":232,"column":5}},"line":223},"38":{"name":"(anonymous_38)","decl":{"start":{"line":229,"column":13},"end":{"line":229,"column":14}},"loc":{"start":{"line":229,"column":19},"end":{"line":231,"column":7}},"line":229},"39":{"name":"(anonymous_39)","decl":{"start":{"line":234,"column":36},"end":{"line":234,"column":37}},"loc":{"start":{"line":234,"column":42},"end":{"line":243,"column":5}},"line":234},"40":{"name":"(anonymous_40)","decl":{"start":{"line":240,"column":13},"end":{"line":240,"column":14}},"loc":{"start":{"line":240,"column":19},"end":{"line":242,"column":7}},"line":240},"41":{"name":"(anonymous_41)","decl":{"start":{"line":245,"column":56},"end":{"line":245,"column":57}},"loc":{"start":{"line":245,"column":62},"end":{"line":260,"column":5}},"line":245},"42":{"name":"(anonymous_42)","decl":{"start":{"line":251,"column":13},"end":{"line":251,"column":14}},"loc":{"start":{"line":251,"column":19},"end":{"line":259,"column":7}},"line":251},"43":{"name":"(anonymous_43)","decl":{"start":{"line":262,"column":54},"end":{"line":262,"column":55}},"loc":{"start":{"line":262,"column":60},"end":{"line":277,"column":5}},"line":262},"44":{"name":"(anonymous_44)","decl":{"start":{"line":268,"column":13},"end":{"line":268,"column":14}},"loc":{"start":{"line":268,"column":19},"end":{"line":276,"column":7}},"line":268},"45":{"name":"(anonymous_45)","decl":{"start":{"line":279,"column":54},"end":{"line":279,"column":55}},"loc":{"start":{"line":279,"column":60},"end":{"line":294,"column":5}},"line":279},"46":{"name":"(anonymous_46)","decl":{"start":{"line":285,"column":13},"end":{"line":285,"column":14}},"loc":{"start":{"line":285,"column":19},"end":{"line":293,"column":7}},"line":285},"47":{"name":"(anonymous_47)","decl":{"start":{"line":296,"column":53},"end":{"line":296,"column":54}},"loc":{"start":{"line":296,"column":59},"end":{"line":311,"column":5}},"line":296},"48":{"name":"(anonymous_48)","decl":{"start":{"line":302,"column":13},"end":{"line":302,"column":14}},"loc":{"start":{"line":302,"column":19},"end":{"line":310,"column":7}},"line":302},"49":{"name":"(anonymous_49)","decl":{"start":{"line":313,"column":52},"end":{"line":313,"column":53}},"loc":{"start":{"line":313,"column":58},"end":{"line":328,"column":5}},"line":313},"50":{"name":"(anonymous_50)","decl":{"start":{"line":319,"column":13},"end":{"line":319,"column":14}},"loc":{"start":{"line":319,"column":19},"end":{"line":327,"column":7}},"line":319},"51":{"name":"(anonymous_51)","decl":{"start":{"line":330,"column":52},"end":{"line":330,"column":53}},"loc":{"start":{"line":330,"column":58},"end":{"line":345,"column":5}},"line":330},"52":{"name":"(anonymous_52)","decl":{"start":{"line":336,"column":13},"end":{"line":336,"column":14}},"loc":{"start":{"line":336,"column":19},"end":{"line":344,"column":7}},"line":336},"53":{"name":"(anonymous_53)","decl":{"start":{"line":347,"column":56},"end":{"line":347,"column":57}},"loc":{"start":{"line":347,"column":62},"end":{"line":362,"column":5}},"line":347},"54":{"name":"(anonymous_54)","decl":{"start":{"line":353,"column":13},"end":{"line":353,"column":14}},"loc":{"start":{"line":353,"column":19},"end":{"line":361,"column":7}},"line":353},"55":{"name":"(anonymous_55)","decl":{"start":{"line":364,"column":54},"end":{"line":364,"column":55}},"loc":{"start":{"line":364,"column":60},"end":{"line":379,"column":5}},"line":364},"56":{"name":"(anonymous_56)","decl":{"start":{"line":370,"column":13},"end":{"line":370,"column":14}},"loc":{"start":{"line":370,"column":19},"end":{"line":378,"column":7}},"line":370},"57":{"name":"(anonymous_57)","decl":{"start":{"line":381,"column":54},"end":{"line":381,"column":55}},"loc":{"start":{"line":381,"column":60},"end":{"line":396,"column":5}},"line":381},"58":{"name":"(anonymous_58)","decl":{"start":{"line":387,"column":13},"end":{"line":387,"column":14}},"loc":{"start":{"line":387,"column":19},"end":{"line":395,"column":7}},"line":387},"59":{"name":"(anonymous_59)","decl":{"start":{"line":398,"column":53},"end":{"line":398,"column":54}},"loc":{"start":{"line":398,"column":59},"end":{"line":413,"column":5}},"line":398},"60":{"name":"(anonymous_60)","decl":{"start":{"line":404,"column":13},"end":{"line":404,"column":14}},"loc":{"start":{"line":404,"column":19},"end":{"line":412,"column":7}},"line":404},"61":{"name":"(anonymous_61)","decl":{"start":{"line":415,"column":52},"end":{"line":415,"column":53}},"loc":{"start":{"line":415,"column":58},"end":{"line":431,"column":5}},"line":415},"62":{"name":"(anonymous_62)","decl":{"start":{"line":422,"column":13},"end":{"l
[...]
:42,"column":12},"end":{"line":42,"column":13}},"loc":{"start":{"line":42,"column":20},"end":{"line":45,"column":7}},"line":42},"4":{"name":"(anonymous_4)","decl":{"start":{"line":46,"column":12},"end":{"line":46,"column":13}},"loc":{"start":{"line":47,"column":8},"end":{"line":49,"column":9}},"line":47},"5":{"name":"(anonymous_5)","decl":{"start":{"line":48,"column":10},"end":{"line":48,"column":11}},"loc":{"start":{"line":48,"column":18},"end":{"line":48,"column":26}},"line":48},"6":{"name":"(anonymous_6)","decl":{"start":{"line":59,"column":2},"end":{"line":59,"column":3}},"loc":{"start":{"line":59,"column":36},"end":{"line":78,"column":3}},"line":59},"7":{"name":"(anonymous_7)","decl":{"start":{"line":66,"column":47},"end":{"line":66,"column":48}},"loc":{"start":{"line":66,"column":55},"end":{"line":77,"column":5}},"line":66},"8":{"name":"(anonymous_8)","decl":{"start":{"line":69,"column":58},"end":{"line":69,"column":59}},"loc":{"start":{"line":69,"column":67},"end":{"line":76,"column":7}},"line":69},"9":{"name":"(anonymous_9)","decl":{"start":{"line":80,"column":2},"end":{"line":80,"column":3}},"loc":{"start":{"line":80,"column":23},"end":{"line":94,"column":3}},"line":80},"10":{"name":"(anonymous_10)","decl":{"start":{"line":87,"column":12},"end":{"line":87,"column":13}},"loc":{"start":{"line":87,"column":20},"end":{"line":93,"column":7}},"line":87},"11":{"name":"(anonymous_11)","decl":{"start":{"line":96,"column":2},"end":{"line":96,"column":3}},"loc":{"start":{"line":96,"column":49},"end":{"line":117,"column":3}},"line":96},"12":{"name":"(anonymous_12)","decl":{"start":{"line":108,"column":42},"end":{"line":108,"column":43}},"loc":{"start":{"line":108,"column":47},"end":{"line":108,"column":62}},"line":108},"13":{"name":"(anonymous_13)","decl":{"start":{"line":119,"column":2},"end":{"line":119,"column":3}},"loc":{"start":{"line":119,"column":30},"end":{"line":141,"column":3}},"line":119},"14":{"name":"(anonymous_14)","decl":{"start":{"line":126,"column":12},"end":{"line":126,"column":13}},"loc":{"start":{"line":126,"column":20},"end":{"line":129,"column":7}},"line":126},"15":{"name":"(anonymous_15)","decl":{"start":{"line":130,"column":12},"end":{"line":130,"column":13}},"loc":{"start":{"line":131,"column":8},"end":{"line":134,"column":17}},"line":131},"16":{"name":"(anonymous_16)","decl":{"start":{"line":136,"column":12},"end":{"line":136,"column":13}},"loc":{"start":{"line":136,"column":20},"end":{"line":140,"column":7}},"line":136},"17":{"name":"(anonymous_17)","decl":{"start":{"line":143,"column":2},"end":{"line":143,"column":3}},"loc":{"start":{"line":143,"column":21},"end":{"line":151,"column":3}},"line":143},"18":{"name":"(anonymous_18)","decl":{"start":{"line":150,"column":12},"end":{"line":150,"column":13}},"loc":{"start":{"line":150,"column":20},"end":{"line":150,"column":24}},"line":150},"19":{"name":"(anonymous_19)","decl":{"start":{"line":153,"column":2},"end":{"line":153,"column":3}},"loc":{"start":{"line":153,"column":38},"end":{"line":188,"column":3}},"line":153},"20":{"name":"(anonymous_20)","decl":{"start":{"line":163,"column":12},"end":{"line":163,"column":13}},"loc":{"start":{"line":163,"column":20},"end":{"line":174,"column":7}},"line":163},"21":{"name":"(anonymous_21)","decl":{"start":{"line":167,"column":10},"end":{"line":167,"column":11}},"loc":{"start":{"line":167,"column":21},"end":{"line":167,"column":50}},"line":167},"22":{"name":"(anonymous_22)","decl":{"start":{"line":175,"column":12},"end":{"line":175,"column":13}},"loc":{"start":{"line":175,"column":18},"end":{"line":175,"column":39}},"line":175},"23":{"name":"(anonymous_23)","decl":{"start":{"line":176,"column":12},"end":{"line":176,"column":13}},"loc":{"start":{"line":176,"column":20},"end":{"line":182,"column":7}},"line":176},"24":{"name":"(anonymous_24)","decl":{"start":{"line":183,"column":12},"end":{"line":183,"column":13}},"loc":{"start":{"line":183,"column":18},"end":{"line":187,"column":7}},"line":183},"25":{"name":"(anonymous_25)","decl":{"start":{"line":190,"column":2},"end":{"line":190,"column":3}},"loc":{"start":{"line":190,"column":39},"end":{"line":211,"column":3}},"line":190},"26":{"name":"(anonymous_26)","decl":{"start":{"line":204,"column":12},"end":{"line":204,"column":13}},"loc":{"start":{"line":204,"column":20},"end":{"line":209,"column":7}},"line":204},"27":{"name":"(anonymous_27)","decl":{"start":{"line":210,"column":12},"end":{"line":210,"column":13}},"loc":{"start":{"line":210,"column":18},"end":{"line":210,"column":75}},"line":210},"28":{"name":"(anonymous_28)","decl":{"start":{"line":213,"column":2},"end":{"line":213,"column":3}},"loc":{"start":{"line":213,"column":29},"end":{"line":225,"column":3}},"line":213},"29":{"name":"(anonymous_29)","decl":{"start":{"line":222,"column":12},"end":{"line":222,"column":13}},"loc":{"start":{"line":222,"column":18},"end":{"line":224,"column":7}},"line":222}},"branchMap":{"0":{"loc":{"start":{"line":20,"column":4},"end":{"line":20,"column":77}},"type":"if","locations":[{"start":{"line":20,"column":4},"end":{"line":20,"column":77}},{"start":{"line":20,"column":4},"end":{"line":20,"column":77}}],"line":20},"1":{"loc":{"start":{"line":21,"column":4},"end":{"line":21,"column":65}},"type":"if","locations":[{"start":{"line":21,"column":4},"end":{"line":21,"column":65}},{"start":{"line":21,"column":4},"end":{"line":21,"column":65}}],"line":21},"2":{"loc":{"start":{"line":22,"column":4},"end":{"line":23,"column":53}},"type":"if","locations":[{"start":{"line":22,"column":4},"end":{"line":23,"column":53}},{"start":{"line":22,"column":4},"end":{"line":23,"column":53}}],"line":22},"3":{"loc":{"start":{"line":24,"column":4},"end":{"line":24,"column":73}},"type":"if","locations":[{"start":{"line":24,"column":4},"end":{"line":24,"column":73}},{"start":{"line":24,"column":4},"end":{"line":24,"column":73}}],"line":24},"4":{"loc":{"start":{"line":25,"column":4},"end":{"line":25,"column":79}},"type":"if","locations":[{"start":{"line":25,"column":4},"end":{"line":25,"column":79}},{"start":{"line":25,"column":4},"end":{"line":25,"column":79}}],"line":25},"5":{"loc":{"start":{"line":26,"column":4},"end":{"line":26,"column":67}},"type":"if","locations":[{"start":{"line":26,"column":4},"end":{"line":26,"column":67}},{"start":{"line":26,"column":4},"end":{"line":26,"column":67}}],"line":26},"6":{"loc":{"start":{"line":27,"column":4},"end":{"line":28,"column":53}},"type":"if","locations":[{"start":{"line":27,"column":4},"end":{"line":28,"column":53}},{"start":{"line":27,"column":4},"end":{"line":28,"column":53}}],"line":27},"7":{"loc":{"start":{"line":29,"column":4},"end":{"line":29,"column":73}},"type":"if","locations":[{"start":{"line":29,"column":4},"end":{"line":29,"column":73}},{"start":{"line":29,"column":4},"end":{"line":29,"column":73}}],"line":29},"8":{"loc":{"start":{"line":30,"column":4},"end":{"line":31,"column":65}},"type":"if","locations":[{"start":{"line":30,"column":4},"end":{"line":31,"column":65}},{"start":{"line":30,"column":4},"end":{"line":31,"column":65}}],"line":30},"9":{"loc":{"start":{"line":32,"column":4},"end":{"line":33,"column":59}},"type":"if","locations":[{"start":{"line":32,"column":4},"end":{"line":33,"column":59}},{"start":{"line":32,"column":4},"end":{"line":33,"column":59}}],"line":32},"10":{"loc":{"start":{"line":34,"column":4},"end":{"line":35,"column":44}},"type":"if","locations":[{"start":{"line":34,"column":4},"end":{"line":35,"column":44}},{"start":{"line":34,"column":4},"end":{"line":35,"column":44}}],"line":34},"11":{"loc":{"start":{"line":39,"column":8},"end":{"line":39,"column":73}},"type":"if","locations":[{"start":{"line":39,"column":8},"end":{"line":39,"column":73}},{"start":{"line":39,"column":8},"end":{"line":39,"column":73}}],"line":39},"12":{"loc":{"start":{"line":43,"column":8},"end":{"line":43,"column":79}},"type":"if","locations":[{"start":{"line":43,"column":8},"end":{"line":43,"column":79}},{"start":{"line":43,"column":8},"end":{"line":43,"column":79}}],"line":43},"13":{"loc":{"start":{"line":60,"column":4},"end":{"line":60,"column":79}},"type":"if","locations":[{"start":{"line":60,"column":4},"end":{"line":60,"column":79}},{"start":{"line":60,"column":4},"end":{"line":60,"column":79}}],"line":60},"14":{"loc":{"start":{"line":61,"column":4},"end":{"line":61,"column":67}},"type":"if","locations":[{"start":{"line":61,"column":4},"end":{"line":61,"column":67}},{"start":{"line":61,"column":4},"end":{"line":61,"column":67}}],"line":61},"15":{"loc":{"start":{"line":62,"column":4},"end":{"line":63,"column":53}},"type":"if","locations":[{"start":{"line":62,"column":4},"end":{"line":63,"column":53}},{"start":{"line":62,"column":4},"end":{"line":63,"column":53}}],"line":62},"16":{"loc":{"start":{"line":64,"column":4},"end":{"line":64,"column":73}},"type":"if","locations":[{"start":{"line":64,"column":4},"end":{"line":64,"column":73}},{"start":{"line":64,"column":4},"end":{"line":64,"column":73}}],"line":64},"17":{"loc":{"start":{"line":67,"column":6},"end":{"line":67,"column":67}},"type":"if","locations":[{"start":{"line":67,"column":6},"end":{"line":67,"column":67}},{"start":{"line":67,"column":6},"end":{"line":67,"column":67}}],"line":67},"18":{"loc":{"start":{"line":70,"column":8},"end":{"line":70,"column":53}},"type":"if","locations":[{"start":{"line":70,"column":8},"end":{"line":70,"column":53}},{"start":{"line":70,"column":8},"end":{"line":70,"column":53}}],"line":70},"19":{"loc":{"start":{"line":81,"column":4},"end":{"line":82,"column":51}},"type":"if","locations":[{"start":{"line":81,"column":4},"end":{"line":82,"column":51}},{"start":{"line":81,"column":4},"end":{"line":82,"column":51}}],"line":81},"20":{"loc":{"start":{"line":83,"column":4},"end":{"line":83,"column":69}},"type":"if","locations":[{"start":{"line":83,"column":4},"end":{"line":83,"column":69}},{"start":{"line":83,"column":4},"end":{"line":83,"column":69}}],"line":83},"21":{"loc":{"start":{"line":88,"column":8},"end":{"line":88,"column":67}},"type":"if","locations":[{"start":{"line":88,"column":8},"end":{"line":88,"column":67}},{"start":{"line":88,"column":8},"end":{"line":88,"column":67}}],"line":88},"22":{"loc":{"start":{"line":97,"column":4},"end":{"line":97,"column":79}},"type":"if","locations":[{"start":{"line":97,"column":4},"end":{"line":97,"column":79}},{"start":{"line":97,"column":4},"end":{"line":97,"column":79}}],"line":97},"23":{"loc":{"start":{"line":98,"column":4},"end":{"line":98,"column":67}},"type":"if","locations":[{"start":{"line":98,"column":4},"end":{"line":98,"column":67}},{"start":{"line":98,"column":4},"end":{"line":98,"column":67}}],"line":98},"24":{"loc":{"start":{"line":99,"column":4},"end":{"line":100,"column":56}},"type":"if","locations":[{"start":{"line":99,"column":4},"end":{"line":100,"column":56}},{"start":{"line":99,"column":4},"end":{"line":100,"column":56}}],"line":99},"25":{"loc":{"start":{"line":101,"column":4},"end":{"line":101,"column":79}},"type":"if","locations":[{"start":{"line":101,"column":4},"end":{"line":101,"column":79}},{"start":{"line":101,"column":4},"end":{"line":101,"column":79}}],"line":101},"26":{"loc":{"start":{"line":102,"column":4},"end":{"line":102,"column":79}},"type":"if","locations":[{"start":{"line":102,"column":4},"end":{"line":102,"column":79}},{"start":{"line":102,"column":4},"end":{"line":102,"column":79}}],"line":102},"27":{"loc":{"start":{"line":103,"column":4},"end":{"line":103,"column":67}},"type":"if","locations":[{"start":{"line":103,"column":4},"end":{"line":103,"column":67}},{"start":{"line":103,"column":4},"end":{"line":103,"column":67}}],"line":103},"28":{"loc":{"start":{"line":104,"column":4},"end":{"line":105,"column":52}},"type":"if","locations":[{"start":{"line":104,"column":4},"end":{"line":105,"column":52}},{"start":{"line":104,"column":4},"end":{"line":105,"column":52}}],"line":104},"29":{"loc":{"start":{"line":106,"column":4},"end":{"line":106,"column":72}},"type":"if","locations":[{"start":{"line":106,"column":4},"end":{"line":106,"column":72}},{"start":{"line":106,"column":4},"end":{"line":106,"column":72}}],"line":106},"30":{"loc":{"start":{"line":121,"column":4},"end":{"line":122,"column":51}},"type":"if","locations":[{"start":{"line":121,"column":4},"end":{"line":122,"column":51}},{"start":{"line":121,"column":4},"end":{"line":122,"column":51}}],"line":121},"31":{"loc":{"start":{"line":123,"column":4},"end":{"line":123,"column":69}},"type":"if","locations":[{"start":{"line":123,"column":4},"end":{"line":123,"column":69}},{"start":{"line":123,"column":4},"end":{"line":123,"column":69}}],"line":123},"32":{"loc":{"start":{"line":127,"column":8},"end":{"line":127,"column":63}},"type":"if","locations":[{"start":{"line":127,"column":8},"end":{"line":127,"column":63}},{"start":{"line":127,"column":8},"end":{"line":127,"column":63}}],"line":127},"33":{"loc":{"start":{"line":154,"column":4},"end":{"line":155,"column":51}},"type":"if","locations":[{"start":{"line":154,"column":4},"end":{"line":155,"column":51}},{"start":{"line":154,"column":4},"end":{"line":155,"column":51}}],"line":154},"34":{"loc":{"start":{"line":156,"column":4},"end":{"line":157,"column":51}},"type":"if","locations":[{"start":{"line":156,"column":4},"end":{"line":157,"column":51}},{"start":{"line":156,"column":4},"end":{"line":157,"column":51}}],"line":156},"35":{"loc":{"start":{"line":158,"column":4},"end":{"line":158,"column":69}},"type":"if","locations":[{"start":{"line":158,"column":4},"end":{"line":158,"column":69}},{"start":{"line":158,"column":4},"end":{"line":158,"column":69}}],"line":158},"36":{"loc":{"start":{"line":159,"column":4},"end":{"line":159,"column":69}},"type":"if","locations":[{"start":{"line":159,"column":4},"end":{"line":159,"column":69}},{"start":{"line":159,"column":4},"end":{"line":159,"column":69}}],"line":159},"37":{"loc":{"start":{"line":164,"column":8},"end":{"line":164,"column":67}},"type":"if","locations":[{"start":{"line":164,"column":8},"end":{"line":164,"column":67}},{"start":{"line":164,"column":8},"end":{"line":164,"column":67}}],"line":164},"38":{"loc":{"start":{"line":165,"column":16},"end":{"line":165,"column":30}},"type":"default-arg","locations":[{"start":{"line":165,"column":28},"end":{"line":165,"column":30}}],"line":165},"39":{"loc":{"start":{"line":170,"column":8},"end":{"line":172,"column":42}},"type":"if","locations":[{"start":{"line":170,"column":8},"end":{"line":172,"column":42}},{"start":{"line":170,"column":8},"end":{"line":172,"column":42}}],"line":170},"40":{"loc":{"start":{"line":177,"column":8},"end":{"line":177,"column":67}},"type":"if","locations":[{"start":{"line":177,"column":8},"end":{"line":177,"column":67}},{"start":{"line":177,"column":8},"end":{"line":177,"column":67}}],"line":177},"41":{"loc":{"start":{"line":178,"column":8},"end":{"line":180,"column":51}},"type":"if","locations":[{"start":{"line":178,"column":8},"end":{"line":180,"column":51}},{"start":{"line":178,"column":8},"end":{"line":180,"column":51}}],"line":178},"42":{"loc":{"start":{"line":191,"column":4},"end":{"line":192,"column":51}},"type":"if","locations":[{"start":{"line":191,"column":4},"end":{"line":192,"column":51}},{"start":{"line":191,"column":4},"end":{"line":192,"column":51}}],"line":191},"43":{"loc":{"start":{"line":193,"column":4},"end":{"line":194,"column":51}},"type":"if","locations":[{"start":{"line":193,"column":4},"end":{"line":194,"column":51}},{"start":{"line":193,"column":4},"end":{"line":194,"column":51}}],"line":193},"44":{"loc":{"start":{"line":195,"column":4},"end":{"line":195,"column":77}},"type":"if","locations":[{"start":{"line":195,"column":4},"end":{"line":195,"column":77}},{"start":{"line":195,"column":4},"end":{"line":195,"column":77}}],"line":195},"45":{"loc":{"start":{"line":196,"column":4},"end":{"line":196,"column":65}},"type":"if","locations":[{"start":{"line":196,"column":4},"end":{"line":196,"column":65}},{"start":{"line":196,"column":4},"end":{"line":196,"column":65}}],"line":196},"46":{"loc":{"start":{"line":197,"column":4},"end":{"line":197,"column":69}},"type":"if","locations":[{"start":{"line":197,"column":4},"end":{"line":197,"column":69}},{"start":{"line":197,"column":4},"end":{"line":197,"column":69}}],"line":197},"47":{"loc":{"start":{"line":198,"column":4},"end":{"line":198,"column":69}},"type":"if","locations":[{"start":{"line":198,"column":4},"end":{"line":198,"column":69}},{"start":{"line":198,"column":4},"end":{"line":198,"column":69}}],"line":198},"48":{"loc":{"start":{"line":205,"column":8},"end":{"line":205,"column":67}},"type":"if","locations":[{"start":{"line":205,"column":8},"end":{"line":205,"column":67}},{"start":{"line":205,"column":8},"end":{"line":205,"column":67}}],"line":205},"49":{"loc":{"start":{"line":206,"column":16},"end":{"line":206,"column":29}},"type":"default-arg","locations":[{"start":{"line":206,"column":27},"end":{"line":206,"column":29}}],"line":206},"50":{"loc":{"start":{"line":214,"column":4},"end":{"line":215,"column":51}},"type":"if","locations":[{"start":{"line":214,"column":4},"end":{"line":215,"column":51}},{"start":{"line":214,"column":4},"end":{"line":215,"column":51}}],"line":214},"51":{"loc":{"start":{"line":216,"column":4},"end":{"line":217,"column":51}},"type":"if","locations":[{"start":{"line":216,"column":4},"end":{"line":217,"column":51}},{"start":{"line":216,"column":4},"end":{"line":217,"column":51}}],"line":216},"52":{"loc":{"start":{"line":218,"column":4},"end":{"line":218,"column":69}},"type":"if","locations":[{"start":{"line":218,"column":4},"end":{"line":218,"column":69}},{"start":{"line":218,"column":4},"end":{"line":218,"column":69}}],"line":218},"53":{"loc":{"start":{"line":219,"column":4},"end":{"line":219,"column":69}},"type":"if","locations":[{"start":{"line":219,"column":4},"end":{"line":219,"column":69}},{"start":{"line":219,"column":4},"end":{"line":219,"column":69}}],"line":219}},"s":{"0":1,"1":1,"2":1,"3":1,"4":36,"5":5,"6":31,"7":1,"8":30,"9":5,"10":25,"11":1,"12":24,"13":5,"14":19,"15":1,"16":18,"17":1,"18":17,"19":1,"20":16,"21":9,"22":7,"23":1,"24":6,"25":1,"26":5,"27":5,"28":1,"29":4,"30":4,"31":1,"32":3,"33":3,"34":3,"35":15,"36":5,"37":10,"38":1,"39":9,"40":5,"41":4,"42":1,"43":3,"44":3,"45":1,"46":2,"47":2,"48":1,"49":1,"50":1,"51":1,"52":8,"53":5,"54":3,"55":1,"56":2,"57":2,"58":1,"59":1,"60":1,"61":25,"62":5,"63":20,"64":1,"65":19,"66":5,"67":14,"68":1,"69":13,"70":5,"71":8,"72":1,"73":7,"74":4,"75":3,"76":2,"77":1,"78":1,"79":1,"80":6,"81":6,"82":4,"83":2,"84":1,"85":1,"86":1,"87":0,"88":1,"89":1,"90":1,"91":1,"92":1,"93":1,"94":21,"95":8,"96":13,"97":8,"98":5,"99":2,"100":3,"101":2,"102":1,"103":1,"104":0,"105":1,"106":1,"107":0,"108":1,"109":1,"110":1,"111":0,"112":1,"113":1,"114":1,"115":0,"116":1,"117":1,"118":0,"119":1,"120":1,"121":43,"122":10,"123":33,"124":16,"125":17,"126":8,"127":9,"128":2,"129":7,"130":2,"131":5,"132":4,"133":1,"134":1,"135":1,"136":0,"137":1,"138":1,"139":1,"140":1,"141":9,"142":6,"143":3,"144":0,"145":3,"146":0,"147":3,"148":2,"149":1,"150":1,"151":1},"f":{"0":36,"1":5,"2":4,"3":4,"4":3,"5":3,"6":15,"7":3,"8":2,"9":8,"10":2,"11":25,"12":1,"13":6,"14":1,"15":1,"16":1,"17":1,"18":1,"19":21,"20":1,"21":0,"22":1,"23":1,"24":1,"25":43,"26":1,"27":1,"28":9,"29":1},"b":{"0":[5,31],"1":[1,30],"2":[5,25],"3":[1,24],"4":[5,19],"5":[1,18],"6":[1,17],"7":[1,16],"8":[9,7],"9":[1,6],"10":[1,5],"11":[1,4],"12":[1,3],"13":[5,10],"14":[1,9],"15":[5,4],"16":[1,3],"17":[1,2],"18":[1,1],"19":[5,3],"20":[1,2],"21":[1,1],"22":[5,20],"23":[1,19],"24":[5,14],"25":[1,13],"26":[5,8],"27":[1,7],"28":[4,3],"29":[2,1],"30":[4,2],"31":[1,1],"32":[0,1],"33":[8,13],"34":[8,5],"35":[2,3],"36":[2,1],"37":[0,1],"38":[0],"39":[1,0],"40":[0,1],"41":[1,0],"42":[10,33],"43":[16,17],"44":[8,9],"45":[2,7],"46":[2,5],"47":[4,1],"48":[0,1],"49":[0],"50":[6,3],"51":[0,3],"52":[0,3],"53":[2,1]},"_coverageSchema":"43e27e138ebf9cfc5966b082cf9a028302ed4184","hash":"a2d5c11a3d2fa26ff0f86e0efcf543d996d0175b","contentHash":"989248cfcd8bb3d041e30a2b8c67dc34b971136cad55393bbca76176cfda3817"}}